After 1.53s, these clients are still here:
		remaining client pid: 24 (/System/Library/PrivateFrameworks/AssistantServices.framework/assistantd/1008F1E3-FE65-3000-B222-51F8A4324068)
		remaining client pid: 104 (/System/Library/PrivateFrameworks/InstallCoordination.framework/Support/installcoordinationd/B1BFEADB-F81D-3947-9D92-547A2F7E704C)
		remaining client pid: 123 (/System/Library/PrivateFrameworks/PassKitCore.framework/passd/5B62DD99-9780-35FA-BCC8-60B5D4A91415)
		remaining client pid: 99 (/usr/sbin/filecoordinationd/49A78D2A-BA73-3014-82A4-21C154A2CA9E)
		remaining client pid: 98 (/usr/libexec/nanoregistryd/ECBC9CCC-4553-3533-91D0-DAA5C3229C3D)
		remaining client pid: 92 (/usr/sbin/distnoted/15A3C6E9-60C0-3551-A75B-F9BF6011F4E6)
		remaining client pid: 90 (/usr/libexec/mobileassetd/09C41425-A1FF-3333-A079-A164E2798E9A)
		remaining client pid: 63 (/usr/libexec/locationd/2D9EFC63-0D56-348D-AE28-F8215C385678)
		remaining client pid: 81 (/System/Library/Frameworks/CoreTelephony.framework/Support/CommCenter/C63C3062-9533-3B62-82CD-F1A1F485AF80)
		remaining client pid: 62 (/usr/libexec/timed/CD692C3A-6B26-3E4B-8C90-D92717F29A5A)
		remaining client pid: 0 (/kernel/67F3FD84-D0C3-3895-BA4F-0F4D218D0E92)
After 2.03s, these clients are still here:
		remaining client pid: 24 (/System/Library/PrivateFrameworks/AssistantServices.framework/assistantd/1008F1E3-FE65-3000-B222-51F8A4324068)
		remaining client pid: 104 (/System/Library/PrivateFrameworks/InstallCoordination.framework/Support/installcoordinationd/B1BFEADB-F81D-3947-9D92-547A2F7E704C)
		remaining client pid: 123 (/System/Library/PrivateFrameworks/PassKitCore.framework/passd/5B62DD99-9780-35FA-BCC8-60B5D4A91415)
		remaining client pid: 99 (/usr/sbin/filecoordinationd/49A78D2A-BA73-3014-82A4-21C154A2CA9E)
		remaining client pid: 98 (/usr/libexec/nanoregistryd/ECBC9CCC-4553-3533-91D0-DAA5C3229C3D)
		remaining client pid: 92 (/usr/sbin/distnoted/15A3C6E9-60C0-3551-A75B-F9BF6011F4E6)
		remaining client pid: 90 (/usr/libexec/mobileassetd/09C41425-A1FF-3333-A079-A164E2798E9A)
		remaining client pid: 63 (/usr/libexec/locationd/2D9EFC63-0D56-348D-AE28-F8215C385678)
		remaining client pid: 81 (/System/Library/Frameworks/CoreTelephony.framework/Support/CommCenter/C63C3062-9533-3B62-82CD-F1A1F485AF80)
		remaining client pid: 62 (/usr/libexec/timed/CD692C3A-6B26-3E4B-8C90-D92717F29A5A)
		remaining client pid: 0 (/kernel/67F3FD84-D0C3-3895-BA4F-0F4D218D0E92)
After 2.54s, these clients are still here:
		remaining client pid: 24 (/System/Library/PrivateFrameworks/AssistantServices.framework/assistantd/1008F1E3-FE65-3000-B222-51F8A4324068)
		remaining client pid: 104 (/System/Library/PrivateFrameworks/InstallCoordination.framework/Support/installcoordinationd/B1BFEADB-F81D-3947-9D92-547A2F7E704C)
		remaining client pid: 123 (/System/Library/PrivateFrameworks/PassKitCore.framework/passd/5B62DD99-9780-35FA-BCC8-60B5D4A91415)
		remaining client pid: 99 (/usr/sbin/filecoordinationd/49A78D2A-BA73-3014-82A4-21C154A2CA9E)
		remaining client pid: 98 (/usr/libexec/nanoregistryd/ECBC9CCC-4553-3533-91D0-DAA5C3229C3D)
		remaining client pid: 92 (/usr/sbin/distnoted/15A3C6E9-60C0-3551-A75B-F9BF6011F4E6)
		remaining client pid: 90 (/usr/libexec/mobileassetd/09C41425-A1FF-3333-A079-A164E2798E9A)
		remaining client pid: 63 (/usr/libexec/locationd/2D9EFC63-0D56-348D-AE28-F8215C385678)
		remaining client pid: 81 (/System/Library/Frameworks/CoreTelephony.framework/Support/CommCenter/C63C3062-9533-3B62-82CD-F1A1F485AF80)
		remaining client pid: 62 (/usr/libexec/timed/CD692C3A-6B26-3E4B-8C90-D92717F29A5A)
		remaining client pid: 0 (/kernel/67F3FD84-D0C3-3895-BA4F-0F4D218D0E92)
After 3.05s, these clients are still here:
		remaining client pid: 24 (/System/Library/PrivateFrameworks/AssistantServices.framework/assistantd/1008F1E3-FE65-3000-B222-51F8A4324068)
		remaining client pid: 104 (/System/Library/PrivateFrameworks/InstallCoordination.framework/Support/installcoordinationd/B1BFEADB-F81D-3947-9D92-547A2F7E704C)
		remaining client pid: 123 (/System/Library/PrivateFrameworks/PassKitCore.framework/passd/5B62DD99-9780-35FA-BCC8-60B5D4A91415)
		remaining client pid: 99 (/usr/sbin/filecoordinationd/49A78D2A-BA73-3014-82A4-21C154A2CA9E)
		remaining client pid: 98 (/usr/libexec/nanoregistryd/ECBC9CCC-4553-3533-91D0-DAA5C3229C3D)
		remaining client pid: 92 (/usr/sbin/distnoted/15A3C6E9-60C0-3551-A75B-F9BF6011F4E6)
		remaining client pid: 90 (/usr/libexec/mobileassetd/09C41425-A1FF-3333-A079-A164E2798E9A)
		remaining client pid: 63 (/usr/libexec/locationd/2D9EFC63-0D56-348D-AE28-F8215C385678)
		remaining client pid: 81 (/System/Library/Frameworks/CoreTelephony.framework/Support/CommCenter/C63C3062-9533-3B62-82CD-F1A1F485AF80)
		remaining client pid: 62 (/usr/libexec/timed/CD692C3A-6B26-3E4B-8C90-D92717F29A5A)
		remaining client pid: 0 (/kernel/67F3FD84-D0C3-3895-BA4F-0F4D218D0E92)
After 3.55s, these clients are still here:
		remaining client pid: 24 (/System/Library/PrivateFrameworks/AssistantServices.framework/assistantd/1008F1E3-FE65-3000-B222-51F8A4324068)
		remaining client pid: 104 (/System/Library/PrivateFrameworks/InstallCoordination.framework/Support/installcoordinationd/B1BFEADB-F81D-3947-9D92-547A2F7E704C)
		remaining client pid: 123 (/System/Library/PrivateFrameworks/PassKitCore.framework/passd/5B62DD99-9780-35FA-BCC8-60B5D4A91415)
		remaining client pid: 99 (/usr/sbin/filecoordinationd/49A78D2A-BA73-3014-82A4-21C154A2CA9E)
		remaining client pid: 98 (/usr/libexec/nanoregistryd/ECBC9CCC-4553-3533-91D0-DAA5C3229C3D)
		remaining client pid: 92 (/usr/sbin/distnoted/15A3C6E9-60C0-3551-A75B-F9BF6011F4E6)
		remaining client pid: 90 (/usr/libexec/mobileassetd/09C41425-A1FF-3333-A079-A164E2798E9A)
		remaining client pid: 63 (/usr/libexec/locationd/2D9EFC63-0D56-348D-AE28-F8215C385678)
		remaining client pid: 81 (/System/Library/Frameworks/CoreTelephony.framework/Support/CommCenter/C63C3062-9533-3B62-82CD-F1A1F485AF80)
		remaining client pid: 62 (/usr/libexec/timed/CD692C3A-6B26-3E4B-8C90-D92717F29A5A)
		remaining client pid: 0 (/kernel/67F3FD84-D0C3-3895-BA4F-0F4D218D0E92)
After 4.07s, these clients are still here:
		remaining client pid: 24 (/System/Library/PrivateFrameworks/AssistantServices.framework/assistantd/1008F1E3-FE65-3000-B222-51F8A4324068)
		remaining client pid: 104 (/System/Library/PrivateFrameworks/InstallCoordination.framework/Support/installcoordinationd/B1BFEADB-F81D-3947-9D92-547A2F7E704C)
		remaining client pid: 123 (/System/Library/PrivateFrameworks/PassKitCore.framework/passd/5B62DD99-9780-35FA-BCC8-60B5D4A91415)
		remaining client pid: 99 (/usr/sbin/filecoordinationd/49A78D2A-BA73-3014-82A4-21C154A2CA9E)
		remaining client pid: 98 (/usr/libexec/nanoregistryd/ECBC9CCC-4553-3533-91D0-DAA5C3229C3D)
		remaining client pid: 92 (/usr/sbin/distnoted/15A3C6E9-60C0-3551-A75B-F9BF6011F4E6)
		remaining client pid: 90 (/usr/libexec/mobileassetd/09C41425-A1FF-3333-A079-A164E2798E9A)
		remaining client pid: 63 (/usr/libexec/locationd/2D9EFC63-0D56-348D-AE28-F8215C385678)
		remaining client pid: 81 (/System/Library/Frameworks/CoreTelephony.framework/Support/CommCenter/C63C3062-9533-3B62-82CD-F1A1F485AF80)
		remaining client pid: 62 (/usr/libexec/timed/CD692C3A-6B26-3E4B-8C90-D92717F29A5A)
		remaining client pid: 0 (/kernel/67F3FD84-D0C3-3895-BA4F-0F4D218D0E92)
After 4.57s, these clients are still here:
		remaining client pid: 0 (/kernel/67F3FD84-D0C3-3895-BA4F-0F4D218D0E92)
SIGTERM: [46655] All buffers flushed
After 0.59s, these clients are still here:
		remaining client pid: 965 (/private/var/containers/Bundle/Application/30FF4624-5C2C-477D-B253-FCAC07FF48C6/MobileMail.app/PlugIns/MailCacheDeleteExtension.appex/MailCacheDeleteExtension/08E62CAB-BC84-30F4-B6F1-351F6298A34B)
		remaining client pid: 788 (/System/Library/PrivateFrameworks/ProtectedCloudStorage.framework/Helpers/ProtectedCloudKeySyncing/7FAF9C5B-7740-3E5C-8E84-8778364E577E)
		remaining client pid: 784 (/System/Library/PrivateFrameworks/AssistantServices.framework/assistant_service/98A69C33-EAA5-334B-9E42-D809977C11B5)
		remaining client pid: 707 (/System/Library/PrivateFrameworks/AppPredictionWidget.framework/PlugIns/AppPredictionWidget.appex/AppPredictionWidget/D7FF3F86-CD5B-3BA8-8526-851E2EACDC71)
		remaining client pid: 200 (/usr/libexec/afcd/D3305F07-944A-3A04-B64C-036053592F23)
		remaining client pid: 199 (/usr/libexec/trustd/6E9E1574-D543-3E0A-8BFD-A2C36787BBD6)
		remaining client pid: 119 (/usr/libexec/symptomsd/74B18C5B-4917-32D0-BD36-CE92E4E684C7)
		remaining client pid: 102 (/usr/libexec/nanoregistryd/ECBC9CCC-4553-3533-91D0-DAA5C3229C3D)
		remaining client pid: 97 (/usr/sbin/distnoted/15A3C6E9-60C0-3551-A75B-F9BF6011F4E6)
		remaining client pid: 98 (/usr/sbin/filecoordinationd/49A78D2A-BA73-3014-82A4-21C154A2CA9E)
		remaining client pid: 89 (/usr/libexec/mobileassetd/09C41425-A1FF-3333-A079-A164E2798E9A)
		remaining client pid: 81 (/System/Library/Frameworks/CoreTelephony.framework/Support/CommCenter/C63C3062-9533-3B62-82CD-F1A1F485AF80)
		remaining client pid: 70 (/usr/libexec/lockdownd/9AECE65C-291C-3C8E-87A4-D98A77FBDAB7)
		remaining client pid: 63 (/usr/libexec/locationd/2D9EFC63-0D56-348D-AE28-F8215C385678)
		remaining client pid: 0 (/kernel/67F3FD84-D0C3-3895-BA4F-0F4D218D0E92)
After 1.10s, these clients are still here:
		remaining client pid: 965 (/private/var/containers/Bundle/Application/30FF4624-5C2C-477D-B253-FCAC07FF48C6/MobileMail.app/PlugIns/MailCacheDeleteExtension.appex/MailCacheDeleteExtension/08E62CAB-BC84-30F4-B6F1-351F6298A34B)
		remaining client pid: 788 (/System/Library/PrivateFrameworks/ProtectedCloudStorage.framework/Helpers/ProtectedCloudKeySyncing/7FAF9C5B-7740-3E5C-8E84-8778364E577E)
		remaining client pid: 784 (/System/Library/PrivateFrameworks/AssistantServices.framework/assistant_service/98A69C33-EAA5-334B-9E42-D809977C11B5)
		remaining client pid: 707 (/System/Library/PrivateFrameworks/AppPredictionWidget.framework/PlugIns/AppPredictionWidget.appex/AppPredictionWidget/D7FF3F86-CD5B-3BA8-8526-851E2EACDC71)
		remaining client pid: 200 (/usr/libexec/afcd/D3305F07-944A-3A04-B64C-036053592F23)
		remaining client pid: 199 (/usr/libexec/trustd/6E9E1574-D543-3E0A-8BFD-A2C36787BBD6)
		remaining client pid: 119 (/usr/libexec/symptomsd/74B18C5B-4917-32D0-BD36-CE92E4E684C7)
		remaining client pid: 102 (/usr/libexec/nanoregistryd/ECBC9CCC-4553-3533-91D0-DAA5C3229C3D)
		remaining client pid: 97 (/usr/sbin/distnoted/15A3C6E9-60C0-3551-A75B-F9BF6011F4E6)
		remaining client pid: 98 (/usr/sbin/filecoordinationd/49A78D2A-BA73-3014-82A4-21C154A2CA9E)
		remaining client pid: 89 (/usr/libexec/mobileassetd/09C41425-A1FF-3333-A079-A164E2798E9A)
		remaining client pid: 81 (/System/Library/Frameworks/CoreTelephony.framework/Support/CommCenter/C63C3062-9533-3B62-82CD-F1A1F485AF80)
		remaining client pid: 70 (/usr/libexec/lockdownd/9AECE65C-291C-3C8E-87A4-D98A77FBDAB7)
		remaining client pid: 63 (/usr/libexec/locationd/2D9EFC63-0D56-348D-AE28-F8215C385678)
		remaining client pid: 0 (/kernel/67F3FD84-D0C3-3895-BA4F-0F4D218D0E92)
After 1.60s, these clients are still here:
		remaining client pid: 965 (/private/var/containers/Bundle/Application/30FF4624-5C2C-477D-B253-FCAC07FF48C6/MobileMail.app/PlugIns/MailCacheDeleteExtension.appex/MailCacheDeleteExtension/08E62CAB-BC84-30F4-B6F1-351F6298A34B)
		remaining client pid: 788 (/System/Library/PrivateFrameworks/ProtectedCloudStorage.framework/Helpers/ProtectedCloudKeySyncing/7FAF9C5B-7740-3E5C-8E84-8778364E577E)
		remaining client pid: 784 (/System/Library/PrivateFrameworks/AssistantServices.framework/assistant_service/98A69C33-EAA5-334B-9E42-D809977C11B5)
		remaining client pid: 707 (/System/Library/PrivateFrameworks/AppPredictionWidget.framework/PlugIns/AppPredictionWidget.appex/AppPredictionWidget/D7FF3F86-CD5B-3BA8-8526-851E2EACDC71)
		remaining client pid: 200 (/usr/libexec/afcd/D3305F07-944A-3A04-B64C-036053592F23)
		remaining client pid: 199 (/usr/libexec/trustd/6E9E1574-D543-3E0A-8BFD-A2C36787BBD6)
		remaining client pid: 119 (/usr/libexec/symptomsd/74B18C5B-4917-32D0-BD36-CE92E4E684C7)
		remaining client pid: 102 (/usr/libexec/nanoregistryd/ECBC9CCC-4553-3533-91D0-DAA5C3229C3D)
		remaining client pid: 97 (/usr/sbin/distnoted/15A3C6E9-60C0-3551-A75B-F9BF6011F4E6)
		remaining client pid: 98 (/usr/sbin/filecoordinationd/49A78D2A-BA73-3014-82A4-21C154A2CA9E)
		remaining client pid: 89 (/usr/libexec/mobileassetd/09C41425-A1FF-3333-A079-A164E2798E9A)
		remaining client pid: 81 (/System/Library/Frameworks/CoreTelephony.framework/Support/CommCenter/C63C3062-9533-3B62-82CD-F1A1F485AF80)
		remaining client pid: 70 (/usr/libexec/lockdownd/9AECE65C-291C-3C8E-87A4-D98A77FBDAB7)
		remaining client pid: 63 (/usr/libexec/locationd/2D9EFC63-0D56-348D-AE28-F8215C385678)
		remaining client pid: 0 (/kernel/67F3FD84-D0C3-3895-BA4F-0F4D218D0E92)
After 2.12s, these clients are still here:
		remaining client pid: 965 (/private/var/containers/Bundle/Application/30FF4624-5C2C-477D-B253-FCAC07FF48C6/MobileMail.app/PlugIns/MailCacheDeleteExtension.appex/MailCacheDeleteExtension/08E62CAB-BC84-30F4-B6F1-351F6298A34B)
		remaining client pid: 788 (/System/Library/PrivateFrameworks/ProtectedCloudStorage.framework/Helpers/ProtectedCloudKeySyncing/7FAF9C5B-7740-3E5C-8E84-8778364E577E)
		remaining client pid: 784 (/System/Library/PrivateFrameworks/AssistantServices.framework/assistant_service/98A69C33-EAA5-334B-9E42-D809977C11B5)
		remaining client pid: 707 (/System/Library/PrivateFrameworks/AppPredictionWidget.framework/PlugIns/AppPredictionWidget.appex/AppPredictionWidget/D7FF3F86-CD5B-3BA8-8526-851E2EACDC71)
		remaining client pid: 200 (/usr/libexec/afcd/D3305F07-944A-3A04-B64C-036053592F23)
		remaining client pid: 119 (/usr/libexec/symptomsd/74B18C5B-4917-32D0-BD36-CE92E4E684C7)
		remaining client pid: 102 (/usr/libexec/nanoregistryd/ECBC9CCC-4553-3533-91D0-DAA5C3229C3D)
		remaining client pid: 97 (/usr/sbin/distnoted/15A3C6E9-60C0-3551-A75B-F9BF6011F4E6)
		remaining client pid: 89 (/usr/libexec/mobileassetd/09C41425-A1FF-3333-A079-A164E2798E9A)
		remaining client pid: 81 (/System/Library/Frameworks/CoreTelephony.framework/Support/CommCenter/C63C3062-9533-3B62-82CD-F1A1F485AF80)
		remaining client pid: 70 (/usr/libexec/lockdownd/9AECE65C-291C-3C8E-87A4-D98A77FBDAB7)
		remaining client pid: 63 (/usr/libexec/locationd/2D9EFC63-0D56-348D-AE28-F8215C385678)
		remaining client pid: 0 (/kernel/67F3FD84-D0C3-3895-BA4F-0F4D218D0E92)
After 2.62s, these clients are still here:
		remaining client pid: 965 (/private/var/containers/Bundle/Application/30FF4624-5C2C-477D-B253-FCAC07FF48C6/MobileMail.app/PlugIns/MailCacheDeleteExtension.appex/MailCacheDeleteExtension/08E62CAB-BC84-30F4-B6F1-351F6298A34B)
		remaining client pid: 788 (/System/Library/PrivateFrameworks/ProtectedCloudStorage.framework/Helpers/ProtectedCloudKeySyncing/7FAF9C5B-7740-3E5C-8E84-8778364E577E)
		remaining client pid: 784 (/System/Library/PrivateFrameworks/AssistantServices.framework/assistant_service/98A69C33-EAA5-334B-9E42-D809977C11B5)
		remaining client pid: 707 (/System/Library/PrivateFrameworks/AppPredictionWidget.framework/PlugIns/AppPredictionWidget.appex/AppPredictionWidget/D7FF3F86-CD5B-3BA8-8526-851E2EACDC71)
		remaining client pid: 200 (/usr/libexec/afcd/D3305F07-944A-3A04-B64C-036053592F23)
		remaining client pid: 119 (/usr/libexec/symptomsd/74B18C5B-4917-32D0-BD36-CE92E4E684C7)
		remaining client pid: 102 (/usr/libexec/nanoregistryd/ECBC9CCC-4553-3533-91D0-DAA5C3229C3D)
		remaining client pid: 97 (/usr/sbin/distnoted/15A3C6E9-60C0-3551-A75B-F9BF6011F4E6)
		remaining client pid: 89 (/usr/libexec/mobileassetd/09C41425-A1FF-3333-A079-A164E2798E9A)
		remaining client pid: 70 (/usr/libexec/lockdownd/9AECE65C-291C-3C8E-87A4-D98A77FBDAB7)
		remaining client pid: 63 (/usr/libexec/locationd/2D9EFC63-0D56-348D-AE28-F8215C385678)
		remaining client pid: 0 (/kernel/67F3FD84-D0C3-3895-BA4F-0F4D218D0E92)
After 3.13s, these clients are still here:
		remaining client pid: 965 (/private/var/containers/Bundle/Application/30FF4624-5C2C-477D-B253-FCAC07FF48C6/MobileMail.app/PlugIns/MailCacheDeleteExtension.appex/MailCacheDeleteExtension/08E62CAB-BC84-30F4-B6F1-351F6298A34B)
		remaining client pid: 788 (/System/Library/PrivateFrameworks/ProtectedCloudStorage.framework/Helpers/ProtectedCloudKeySyncing/7FAF9C5B-7740-3E5C-8E84-8778364E577E)
		remaining client pid: 784 (/System/Library/PrivateFrameworks/AssistantServices.framework/assistant_service/98A69C33-EAA5-334B-9E42-D809977C11B5)
		remaining client pid: 707 (/System/Library/PrivateFrameworks/AppPredictionWidget.framework/PlugIns/AppPredictionWidget.appex/AppPredictionWidget/D7FF3F86-CD5B-3BA8-8526-851E2EACDC71)
		remaining client pid: 200 (/usr/libexec/afcd/D3305F07-944A-3A04-B64C-036053592F23)
		remaining client pid: 119 (/usr/libexec/symptomsd/74B18C5B-4917-32D0-BD36-CE92E4E684C7)
		remaining client pid: 102 (/usr/libexec/nanoregistryd/ECBC9CCC-4553-3533-91D0-DAA5C3229C3D)
		remaining client pid: 97 (/usr/sbin/distnoted/15A3C6E9-60C0-3551-A75B-F9BF6011F4E6)
		remaining client pid: 89 (/usr/libexec/mobileassetd/09C41425-A1FF-3333-A079-A164E2798E9A)
		remaining client pid: 70 (/usr/libexec/lockdownd/9AECE65C-291C-3C8E-87A4-D98A77FBDAB7)
		remaining client pid: 63 (/usr/libexec/locationd/2D9EFC63-0D56-348D-AE28-F8215C385678)
		remaining client pid: 0 (/kernel/67F3FD84-D0C3-3895-BA4F-0F4D218D0E92)
After 3.63s, these clients are still here:
		remaining client pid: 965 (/private/var/containers/Bundle/Application/30FF4624-5C2C-477D-B253-FCAC07FF48C6/MobileMail.app/PlugIns/MailCacheDeleteExtension.appex/MailCacheDeleteExtension/08E62CAB-BC84-30F4-B6F1-351F6298A34B)
		remaining client pid: 788 (/System/Library/PrivateFrameworks/ProtectedCloudStorage.framework/Helpers/ProtectedCloudKeySyncing/7FAF9C5B-7740-3E5C-8E84-8778364E577E)
		remaining client pid: 784 (/System/Library/PrivateFrameworks/AssistantServices.framework/assistant_service/98A69C33-EAA5-334B-9E42-D809977C11B5)
		remaining client pid: 707 (/System/Library/PrivateFrameworks/AppPredictionWidget.framework/PlugIns/AppPredictionWidget.appex/AppPredictionWidget/D7FF3F86-CD5B-3BA8-8526-851E2EACDC71)
		remaining client pid: 200 (/usr/libexec/afcd/D3305F07-944A-3A04-B64C-036053592F23)
		remaining client pid: 119 (/usr/libexec/symptomsd/74B18C5B-4917-32D0-BD36-CE92E4E684C7)
		remaining client pid: 102 (/usr/libexec/nanoregistryd/ECBC9CCC-4553-3533-91D0-DAA5C3229C3D)
		remaining client pid: 97 (/usr/sbin/distnoted/15A3C6E9-60C0-3551-A75B-F9BF6011F4E6)
		remaining client pid: 89 (/usr/libexec/mobileassetd/09C41425-A1FF-3333-A079-A164E2798E9A)
		remaining client pid: 70 (/usr/libexec/lockdownd/9AECE65C-291C-3C8E-87A4-D98A77FBDAB7)
		remaining client pid: 0 (/kernel/67F3FD84-D0C3-3895-BA4F-0F4D218D0E92)
After 4.13s, these clients are still here:
		remaining client pid: 965 (/private/var/containers/Bundle/Application/30FF4624-5C2C-477D-B253-FCAC07FF48C6/MobileMail.app/PlugIns/MailCacheDeleteExtension.appex/MailCacheDeleteExtension/08E62CAB-BC84-30F4-B6F1-351F6298A34B)
		remaining client pid: 788 (/System/Library/PrivateFrameworks/ProtectedCloudStorage.framework/Helpers/ProtectedCloudKeySyncing/7FAF9C5B-7740-3E5C-8E84-8778364E577E)
		remaining client pid: 784 (/System/Library/PrivateFrameworks/AssistantServices.framework/assistant_service/98A69C33-EAA5-334B-9E42-D809977C11B5)
		remaining client pid: 707 (/System/Library/PrivateFrameworks/AppPredictionWidget.framework/PlugIns/AppPredictionWidget.appex/AppPredictionWidget/D7FF3F86-CD5B-3BA8-8526-851E2EACDC71)
		remaining client pid: 200 (/usr/libexec/afcd/D3305F07-944A-3A04-B64C-036053592F23)
		remaining client pid: 119 (/usr/libexec/symptomsd/74B18C5B-4917-32D0-BD36-CE92E4E684C7)
		remaining client pid: 102 (/usr/libexec/nanoregistryd/ECBC9CCC-4553-3533-91D0-DAA5C3229C3D)
		remaining client pid: 97 (/usr/sbin/distnoted/15A3C6E9-60C0-3551-A75B-F9BF6011F4E6)
		remaining client pid: 89 (/usr/libexec/mobileassetd/09C41425-A1FF-3333-A079-A164E2798E9A)
		remaining client pid: 70 (/usr/libexec/lockdownd/9AECE65C-291C-3C8E-87A4-D98A77FBDAB7)
		remaining client pid: 0 (/kernel/67F3FD84-D0C3-3895-BA4F-0F4D218D0E92)
After 4.63s, these clients are still here:
		remaining client pid: 0 (/kernel/67F3FD84-D0C3-3895-BA4F-0F4D218D0E92)
SIGTERM: [1543269320] All buffers flushed
After 0.51s, these clients are still here:
		remaining client pid: 235 (/System/Library/PrivateFrameworks/AssistantServices.framework/assistant_service/98A69C33-EAA5-334B-9E42-D809977C11B5)
		remaining client pid: 221 (/usr/libexec/mobile_installation_proxy/46827B29-48E7-3ADA-95F5-8790A533835C)
		remaining client pid: 188 (/usr/libexec/afcd/D3305F07-944A-3A04-B64C-036053592F23)
		remaining client pid: 165 (/usr/libexec/locationd/2D9EFC63-0D56-348D-AE28-F8215C385678)
		remaining client pid: 132 (/System/Library/PrivateFrameworks/ProtectedCloudStorage.framework/Helpers/ProtectedCloudKeySyncing/7FAF9C5B-7740-3E5C-8E84-8778364E577E)
		remaining client pid: 131 (/usr/libexec/symptomsd/74B18C5B-4917-32D0-BD36-CE92E4E684C7)
		remaining client pid: 105 (/usr/libexec/trustd/6E9E1574-D543-3E0A-8BFD-A2C36787BBD6)
		remaining client pid: 101 (/usr/sbin/distnoted/15A3C6E9-60C0-3551-A75B-F9BF6011F4E6)
		remaining client pid: 91 (/usr/libexec/nanoregistryd/ECBC9CCC-4553-3533-91D0-DAA5C3229C3D)
		remaining client pid: 90 (/usr/libexec/mobileassetd/09C41425-A1FF-3333-A079-A164E2798E9A)
		remaining client pid: 81 (/System/Library/Frameworks/CoreTelephony.framework/Support/CommCenter/C63C3062-9533-3B62-82CD-F1A1F485AF80)
		remaining client pid: 70 (/usr/libexec/lockdownd/9AECE65C-291C-3C8E-87A4-D98A77FBDAB7)
		remaining client pid: 0 (/kernel/67F3FD84-D0C3-3895-BA4F-0F4D218D0E92)
After 1.01s, these clients are still here:
		remaining client pid: 235 (/System/Library/PrivateFrameworks/AssistantServices.framework/assistant_service/98A69C33-EAA5-334B-9E42-D809977C11B5)
		remaining client pid: 221 (/usr/libexec/mobile_installation_proxy/46827B29-48E7-3ADA-95F5-8790A533835C)
		remaining client pid: 188 (/usr/libexec/afcd/D3305F07-944A-3A04-B64C-036053592F23)
		remaining client pid: 165 (/usr/libexec/locationd/2D9EFC63-0D56-348D-AE28-F8215C385678)
		remaining client pid: 132 (/System/Library/PrivateFrameworks/ProtectedCloudStorage.framework/Helpers/ProtectedCloudKeySyncing/7FAF9C5B-7740-3E5C-8E84-8778364E577E)
		remaining client pid: 131 (/usr/libexec/symptomsd/74B18C5B-4917-32D0-BD36-CE92E4E684C7)
		remaining client pid: 105 (/usr/libexec/trustd/6E9E1574-D543-3E0A-8BFD-A2C36787BBD6)
		remaining client pid: 101 (/usr/sbin/distnoted/15A3C6E9-60C0-3551-A75B-F9BF6011F4E6)
		remaining client pid: 91 (/usr/libexec/nanoregistryd/ECBC9CCC-4553-3533-91D0-DAA5C3229C3D)
		remaining client pid: 90 (/usr/libexec/mobileassetd/09C41425-A1FF-3333-A079-A164E2798E9A)
		remaining client pid: 81 (/System/Library/Frameworks/CoreTelephony.framework/Support/CommCenter/C63C3062-9533-3B62-82CD-F1A1F485AF80)
		remaining client pid: 70 (/usr/libexec/lockdownd/9AECE65C-291C-3C8E-87A4-D98A77FBDAB7)
		remaining client pid: 0 (/kernel/67F3FD84-D0C3-3895-BA4F-0F4D218D0E92)
After 1.51s, these clients are still here:
		remaining client pid: 235 (/System/Library/PrivateFrameworks/AssistantServices.framework/assistant_service/98A69C33-EAA5-334B-9E42-D809977C11B5)
		remaining client pid: 221 (/usr/libexec/mobile_installation_proxy/46827B29-48E7-3ADA-95F5-8790A533835C)
		remaining client pid: 188 (/usr/libexec/afcd/D3305F07-944A-3A04-B64C-036053592F23)
		remaining client pid: 165 (/usr/libexec/locationd/2D9EFC63-0D56-348D-AE28-F8215C385678)
		remaining client pid: 132 (/System/Library/PrivateFrameworks/ProtectedCloudStorage.framework/Helpers/ProtectedCloudKeySyncing/7FAF9C5B-7740-3E5C-8E84-8778364E577E)
		remaining client pid: 131 (/usr/libexec/symptomsd/74B18C5B-4917-32D0-BD36-CE92E4E684C7)
		remaining client pid: 105 (/usr/libexec/trustd/6E9E1574-D543-3E0A-8BFD-A2C36787BBD6)
		remaining client pid: 101 (/usr/sbin/distnoted/15A3C6E9-60C0-3551-A75B-F9BF6011F4E6)
		remaining client pid: 91 (/usr/libexec/nanoregistryd/ECBC9CCC-4553-3533-91D0-DAA5C3229C3D)
		remaining client pid: 90 (/usr/libexec/mobileassetd/09C41425-A1FF-3333-A079-A164E2798E9A)
		remaining client pid: 81 (/System/Library/Frameworks/CoreTelephony.framework/Support/CommCenter/C63C3062-9533-3B62-82CD-F1A1F485AF80)
		remaining client pid: 70 (/usr/libexec/lockdownd/9AECE65C-291C-3C8E-87A4-D98A77FBDAB7)
		remaining client pid: 0 (/kernel/67F3FD84-D0C3-3895-BA4F-0F4D218D0E92)
After 2.01s, these clients are still here:
		remaining client pid: 235 (/System/Library/PrivateFrameworks/AssistantServices.framework/assistant_service/98A69C33-EAA5-334B-9E42-D809977C11B5)
		remaining client pid: 221 (/usr/libexec/mobile_installation_proxy/46827B29-48E7-3ADA-95F5-8790A533835C)
		remaining client pid: 165 (/usr/libexec/locationd/2D9EFC63-0D56-348D-AE28-F8215C385678)
		remaining client pid: 132 (/System/Library/PrivateFrameworks/ProtectedCloudStorage.framework/Helpers/ProtectedCloudKeySyncing/7FAF9C5B-7740-3E5C-8E84-8778364E577E)
		remaining client pid: 131 (/usr/libexec/symptomsd/74B18C5B-4917-32D0-BD36-CE92E4E684C7)
		remaining client pid: 101 (/usr/sbin/distnoted/15A3C6E9-60C0-3551-A75B-F9BF6011F4E6)
		remaining client pid: 91 (/usr/libexec/nanoregistryd/ECBC9CCC-4553-3533-91D0-DAA5C3229C3D)
		remaining client pid: 90 (/usr/libexec/mobileassetd/09C41425-A1FF-3333-A079-A164E2798E9A)
		remaining client pid: 81 (/System/Library/Frameworks/CoreTelephony.framework/Support/CommCenter/C63C3062-9533-3B62-82CD-F1A1F485AF80)
		remaining client pid: 0 (/kernel/67F3FD84-D0C3-3895-BA4F-0F4D218D0E92)
After 2.51s, these clients are still here:
		remaining client pid: 0 (/kernel/67F3FD84-D0C3-3895-BA4F-0F4D218D0E92)
SIGTERM: [1543269790] All buffers flushed
After 0.96s, these clients are still here:
		remaining client pid: 347 (/System/Library/PrivateFrameworks/AppPredictionWidget.framework/PlugIns/AppPredictionWidget.appex/AppPredictionWidget/D7FF3F86-CD5B-3BA8-8526-851E2EACDC71)
		remaining client pid: 346 (/System/Library/PrivateFrameworks/UpNextWidget.framework/PlugIns/UpNext.appex/UpNext/89A67AED-705B-3F29-BBB8-7B7C3329B524)
		remaining client pid: 228 (/System/Library/PrivateFrameworks/AssistantServices.framework/assistant_service/98A69C33-EAA5-334B-9E42-D809977C11B5)
		remaining client pid: 139 (/System/Library/PrivateFrameworks/PassKitCore.framework/passd/5B62DD99-9780-35FA-BCC8-60B5D4A91415)
		remaining client pid: 129 (/System/Library/PrivateFrameworks/ProtectedCloudStorage.framework/Helpers/ProtectedCloudKeySyncing/7FAF9C5B-7740-3E5C-8E84-8778364E577E)
		remaining client pid: 124 (/usr/libexec/symptomsd/74B18C5B-4917-32D0-BD36-CE92E4E684C7)
		remaining client pid: 106 (/usr/libexec/nanoregistryd/ECBC9CCC-4553-3533-91D0-DAA5C3229C3D)
		remaining client pid: 97 (/usr/sbin/distnoted/15A3C6E9-60C0-3551-A75B-F9BF6011F4E6)
		remaining client pid: 90 (/usr/libexec/mobileassetd/09C41425-A1FF-3333-A079-A164E2798E9A)
		remaining client pid: 81 (/System/Library/Frameworks/CoreTelephony.framework/Support/CommCenter/C63C3062-9533-3B62-82CD-F1A1F485AF80)
		remaining client pid: 79 (/usr/sbin/bluetoothd/C3E36DE4-993F-3882-96E5-BD328D84CCA8)
		remaining client pid: 0 (/kernel/67F3FD84-D0C3-3895-BA4F-0F4D218D0E92)
After 1.46s, these clients are still here:
		remaining client pid: 347 (/System/Library/PrivateFrameworks/AppPredictionWidget.framework/PlugIns/AppPredictionWidget.appex/AppPredictionWidget/D7FF3F86-CD5B-3BA8-8526-851E2EACDC71)
		remaining client pid: 346 (/System/Library/PrivateFrameworks/UpNextWidget.framework/PlugIns/UpNext.appex/UpNext/89A67AED-705B-3F29-BBB8-7B7C3329B524)
		remaining client pid: 228 (/System/Library/PrivateFrameworks/AssistantServices.framework/assistant_service/98A69C33-EAA5-334B-9E42-D809977C11B5)
		remaining client pid: 139 (/System/Library/PrivateFrameworks/PassKitCore.framework/passd/5B62DD99-9780-35FA-BCC8-60B5D4A91415)
		remaining client pid: 129 (/System/Library/PrivateFrameworks/ProtectedCloudStorage.framework/Helpers/ProtectedCloudKeySyncing/7FAF9C5B-7740-3E5C-8E84-8778364E577E)
		remaining client pid: 124 (/usr/libexec/symptomsd/74B18C5B-4917-32D0-BD36-CE92E4E684C7)
		remaining client pid: 106 (/usr/libexec/nanoregistryd/ECBC9CCC-4553-3533-91D0-DAA5C3229C3D)
		remaining client pid: 97 (/usr/sbin/distnoted/15A3C6E9-60C0-3551-A75B-F9BF6011F4E6)
		remaining client pid: 90 (/usr/libexec/mobileassetd/09C41425-A1FF-3333-A079-A164E2798E9A)
		remaining client pid: 81 (/System/Library/Frameworks/CoreTelephony.framework/Support/CommCenter/C63C3062-9533-3B62-82CD-F1A1F485AF80)
		remaining client pid: 0 (/kernel/67F3FD84-D0C3-3895-BA4F-0F4D218D0E92)
After 1.99s, these clients are still here:
		remaining client pid: 347 (/System/Library/PrivateFrameworks/AppPredictionWidget.framework/PlugIns/AppPredictionWidget.appex/AppPredictionWidget/D7FF3F86-CD5B-3BA8-8526-851E2EACDC71)
		remaining client pid: 346 (/System/Library/PrivateFrameworks/UpNextWidget.framework/PlugIns/UpNext.appex/UpNext/89A67AED-705B-3F29-BBB8-7B7C3329B524)
		remaining client pid: 228 (/System/Library/PrivateFrameworks/AssistantServices.framework/assistant_service/98A69C33-EAA5-334B-9E42-D809977C11B5)
		remaining client pid: 139 (/System/Library/PrivateFrameworks/PassKitCore.framework/passd/5B62DD99-9780-35FA-BCC8-60B5D4A91415)
		remaining client pid: 129 (/System/Library/PrivateFrameworks/ProtectedCloudStorage.framework/Helpers/ProtectedCloudKeySyncing/7FAF9C5B-7740-3E5C-8E84-8778364E577E)
		remaining client pid: 124 (/usr/libexec/symptomsd/74B18C5B-4917-32D0-BD36-CE92E4E684C7)
		remaining client pid: 106 (/usr/libexec/nanoregistryd/ECBC9CCC-4553-3533-91D0-DAA5C3229C3D)
		remaining client pid: 97 (/usr/sbin/distnoted/15A3C6E9-60C0-3551-A75B-F9BF6011F4E6)
		remaining client pid: 90 (/usr/libexec/mobileassetd/09C41425-A1FF-3333-A079-A164E2798E9A)
		remaining client pid: 81 (/System/Library/Frameworks/CoreTelephony.framework/Support/CommCenter/C63C3062-9533-3B62-82CD-F1A1F485AF80)
		remaining client pid: 0 (/kernel/67F3FD84-D0C3-3895-BA4F-0F4D218D0E92)
After 2.49s, these clients are still here:
		remaining client pid: 347 (/System/Library/PrivateFrameworks/AppPredictionWidget.framework/PlugIns/AppPredictionWidget.appex/AppPredictionWidget/D7FF3F86-CD5B-3BA8-8526-851E2EACDC71)
		remaining client pid: 346 (/System/Library/PrivateFrameworks/UpNextWidget.framework/PlugIns/UpNext.appex/UpNext/89A67AED-705B-3F29-BBB8-7B7C3329B524)
		remaining client pid: 228 (/System/Library/PrivateFrameworks/AssistantServices.framework/assistant_service/98A69C33-EAA5-334B-9E42-D809977C11B5)
		remaining client pid: 139 (/System/Library/PrivateFrameworks/PassKitCore.framework/passd/5B62DD99-9780-35FA-BCC8-60B5D4A91415)
		remaining client pid: 129 (/System/Library/PrivateFrameworks/ProtectedCloudStorage.framework/Helpers/ProtectedCloudKeySyncing/7FAF9C5B-7740-3E5C-8E84-8778364E577E)
		remaining client pid: 124 (/usr/libexec/symptomsd/74B18C5B-4917-32D0-BD36-CE92E4E684C7)
		remaining client pid: 106 (/usr/libexec/nanoregistryd/ECBC9CCC-4553-3533-91D0-DAA5C3229C3D)
		remaining client pid: 97 (/usr/sbin/distnoted/15A3C6E9-60C0-3551-A75B-F9BF6011F4E6)
		remaining client pid: 90 (/usr/libexec/mobileassetd/09C41425-A1FF-3333-A079-A164E2798E9A)
		remaining client pid: 81 (/System/Library/Frameworks/CoreTelephony.framework/Support/CommCenter/C63C3062-9533-3B62-82CD-F1A1F485AF80)
		remaining client pid: 0 (/kernel/67F3FD84-D0C3-3895-BA4F-0F4D218D0E92)
After 3.00s, these clients are still here:
		remaining client pid: 347 (/System/Library/PrivateFrameworks/AppPredictionWidget.framework/PlugIns/AppPredictionWidget.appex/AppPredictionWidget/D7FF3F86-CD5B-3BA8-8526-851E2EACDC71)
		remaining client pid: 346 (/System/Library/PrivateFrameworks/UpNextWidget.framework/PlugIns/UpNext.appex/UpNext/89A67AED-705B-3F29-BBB8-7B7C3329B524)
		remaining client pid: 228 (/System/Library/PrivateFrameworks/AssistantServices.framework/assistant_service/98A69C33-EAA5-334B-9E42-D809977C11B5)
		remaining client pid: 139 (/System/Library/PrivateFrameworks/PassKitCore.framework/passd/5B62DD99-9780-35FA-BCC8-60B5D4A91415)
		remaining client pid: 129 (/System/Library/PrivateFrameworks/ProtectedCloudStorage.framework/Helpers/ProtectedCloudKeySyncing/7FAF9C5B-7740-3E5C-8E84-8778364E577E)
		remaining client pid: 124 (/usr/libexec/symptomsd/74B18C5B-4917-32D0-BD36-CE92E4E684C7)
		remaining client pid: 106 (/usr/libexec/nanoregistryd/ECBC9CCC-4553-3533-91D0-DAA5C3229C3D)
		remaining client pid: 97 (/usr/sbin/distnoted/15A3C6E9-60C0-3551-A75B-F9BF6011F4E6)
		remaining client pid: 90 (/usr/libexec/mobileassetd/09C41425-A1FF-3333-A079-A164E2798E9A)
		remaining client pid: 81 (/System/Library/Frameworks/CoreTelephony.framework/Support/CommCenter/C63C3062-9533-3B62-82CD-F1A1F485AF80)
		remaining client pid: 0 (/kernel/67F3FD84-D0C3-3895-BA4F-0F4D218D0E92)
After 3.50s, these clients are still here:
		remaining client pid: 347 (/System/Library/PrivateFrameworks/AppPredictionWidget.framework/PlugIns/AppPredictionWidget.appex/AppPredictionWidget/D7FF3F86-CD5B-3BA8-8526-851E2EACDC71)
		remaining client pid: 346 (/System/Library/PrivateFrameworks/UpNextWidget.framework/PlugIns/UpNext.appex/UpNext/89A67AED-705B-3F29-BBB8-7B7C3329B524)
		remaining client pid: 228 (/System/Library/PrivateFrameworks/AssistantServices.framework/assistant_service/98A69C33-EAA5-334B-9E42-D809977C11B5)
		remaining client pid: 139 (/System/Library/PrivateFrameworks/PassKitCore.framework/passd/5B62DD99-9780-35FA-BCC8-60B5D4A91415)
		remaining client pid: 129 (/System/Library/PrivateFrameworks/ProtectedCloudStorage.framework/Helpers/ProtectedCloudKeySyncing/7FAF9C5B-7740-3E5C-8E84-8778364E577E)
		remaining client pid: 124 (/usr/libexec/symptomsd/74B18C5B-4917-32D0-BD36-CE92E4E684C7)
		remaining client pid: 106 (/usr/libexec/nanoregistryd/ECBC9CCC-4553-3533-91D0-DAA5C3229C3D)
		remaining client pid: 97 (/usr/sbin/distnoted/15A3C6E9-60C0-3551-A75B-F9BF6011F4E6)
		remaining client pid: 90 (/usr/libexec/mobileassetd/09C41425-A1FF-3333-A079-A164E2798E9A)
		remaining client pid: 81 (/System/Library/Frameworks/CoreTelephony.framework/Support/CommCenter/C63C3062-9533-3B62-82CD-F1A1F485AF80)
		remaining client pid: 0 (/kernel/67F3FD84-D0C3-3895-BA4F-0F4D218D0E92)
After 4.00s, these clients are still here:
		remaining client pid: 347 (/System/Library/PrivateFrameworks/AppPredictionWidget.framework/PlugIns/AppPredictionWidget.appex/AppPredictionWidget/D7FF3F86-CD5B-3BA8-8526-851E2EACDC71)
		remaining client pid: 346 (/System/Library/PrivateFrameworks/UpNextWidget.framework/PlugIns/UpNext.appex/UpNext/89A67AED-705B-3F29-BBB8-7B7C3329B524)
		remaining client pid: 228 (/System/Library/PrivateFrameworks/AssistantServices.framework/assistant_service/98A69C33-EAA5-334B-9E42-D809977C11B5)
		remaining client pid: 139 (/System/Library/PrivateFrameworks/PassKitCore.framework/passd/5B62DD99-9780-35FA-BCC8-60B5D4A91415)
		remaining client pid: 129 (/System/Library/PrivateFrameworks/ProtectedCloudStorage.framework/Helpers/ProtectedCloudKeySyncing/7FAF9C5B-7740-3E5C-8E84-8778364E577E)
		remaining client pid: 124 (/usr/libexec/symptomsd/74B18C5B-4917-32D0-BD36-CE92E4E684C7)
		remaining client pid: 106 (/usr/libexec/nanoregistryd/ECBC9CCC-4553-3533-91D0-DAA5C3229C3D)
		remaining client pid: 97 (/usr/sbin/distnoted/15A3C6E9-60C0-3551-A75B-F9BF6011F4E6)
		remaining client pid: 90 (/usr/libexec/mobileassetd/09C41425-A1FF-3333-A079-A164E2798E9A)
		remaining client pid: 81 (/System/Library/Frameworks/CoreTelephony.framework/Support/CommCenter/C63C3062-9533-3B62-82CD-F1A1F485AF80)
		remaining client pid: 0 (/kernel/67F3FD84-D0C3-3895-BA4F-0F4D218D0E92)
After 4.50s, these clients are still here:
		remaining client pid: 0 (/kernel/67F3FD84-D0C3-3895-BA4F-0F4D218D0E92)
SIGTERM: [1543426169] All buffers flushed
