File: /error_log.txt -- size: 431
File: /ckksctl_status.txt -- size: 9947
File: /brctl/brctl-container-list.txt -- size: 22
File: /brctl/diagnose-errors.log -- size: 0
File: /brctl/defaults-com.apple.bird.txt -- size: 181
File: /brctl/launchctl-print.txt -- size: 0
File: /brctl/brctl-dump.txt -- size: 221
File: /tailspin-info.txt -- size: 47
File: /WiFi/wifi-buf-11-25-2018__05:55:15.657.log.tgz -- size: 44200
File: /WiFi/wifi-buf-11-28-2018__12:11:04.457.log.tgz -- size: 39716
File: /WiFi/wifi_status.txt -- size: 1100
File: /WiFi/network_status.txt -- size: 338
File: /WiFi/wifi-buf-11-28-2018__12:11:05.899.log.tgz -- size: 738
File: /WiFi/ipconfig.txt -- size: 475
File: /WiFi/wifi-buf-11-27-2018__03:58:08.943.log.tgz -- size: 43762
File: /WiFi/leaky_ap_stats.txt -- size: 4909
File: /WiFi/corecaptured.log.tgz -- size: 2257
File: /WiFi/com.apple.wifi.plist -- size: 2104
File: /WiFi/debug-log.txt -- size: 2786
File: /WiFi/wifi-buf-11-26-2018__20:28:43.149.log.tgz -- size: 42832
File: /WiFi/wifi_scan.txt -- size: 68
File: /WiFi/wifi-buf-11-26-2018__03:44:29.534.log.tgz -- size: 42821
File: /WiFi/bluetooth_status.txt -- size: 240
File: /WiFi/diagnostics-env.txt -- size: 1703
File: /WiFi/preferences.plist -- size: 2104
File: /WiFi/awdl_status.txt -- size: 1217
File: /WiFi/wifi_scan_cache.txt -- size: 68
File: /WiFi/diagnostics.txt -- size: 6213
File: /hidutil.plist -- size: 555875
File: /ioreg/IOUSB.txt -- size: 44269
File: /ioreg/IOACPIPlane.txt -- size: 44269
File: /ioreg/IOPower.txt -- size: 591780
File: /ioreg/IOReg.xml -- size: 0
File: /ioreg/IOService.txt -- size: 1851167
File: /ioreg/IOFireWire.txt -- size: 44269
File: /ioreg/IODeviceTree.txt -- size: 389894
File: /vm_stat.txt -- size: 5597
File: /sysdiagnose.log -- size: 83650
File: /mount.txt -- size: 439
File: /spindump-nosymbols.txt -- size: 926793
File: /microstackshots -- size: 1890
File: /taskinfo.txt -- size: 14
File: /disks.txt -- size: 1047
File: /kbdebug.txt -- size: 91176
File: /taskSummary.csv -- size: 7329
File: /ASPSnapshots/asptool_snapshot.log -- size: 220242
File: /ASPSnapshots/asptool_snapshot_timesensitive.log -- size: 0
File: /logs/Networking/com.apple.networkextension.plist -- size: 6437
File: /logs/Networking/com.apple.networkextension.cache.plist -- size: 1586
File: /logs/Networking/com.apple.networkextension.necp.plist -- size: 237
File: /logs/Networking/preferences.plist -- size: 3626
File: /logs/Networking/NetworkInterfaces.plist -- size: 1024
File: /logs/tailspindb/UUIDToBinaryLocations -- size: 32570
File: /logs/bag.plist -- size: 88982
File: /logs/MobileLockdown/lockdownd.log -- size: 277401
File: /logs/MobileLockdown/lockdownd.log.1 -- size: 524358
File: /logs/itunesstored/downloads.28.sqlitedb -- size: 155648
File: /logs/itunesstored/com.apple.itunesstored/itunesstored.log -- size: 0
File: /logs/itunesstored/downloads.28.sqlitedb-shm -- size: 32768
File: /logs/itunesstored/downloads.28.sqlitedb-wal -- size: 3823392
File: /logs/suggest_tool/dbStats.txt -- size: 608
File: /logs/suggest_tool/fileSystemMetadata.txt -- size: 10126
File: /logs/suggest_tool/dbSchema.txt -- size: 10931
File: /logs/suggest_tool/DictionaryInteractionsSummary.txt -- size: 69
File: /logs/suggest_tool/DictionaryExtractions.txt -- size: 61
File: /logs/suggest_tool/assetVersion.txt -- size: 78
File: /logs/suggest_tool/DictionaryInteractions.txt -- size: 62
File: /logs/keyboards/76664466735990902047456386194233508 -- size: 16384
File: /logs/keyboards/76664466735990909422254630316800717 -- size: 16384
File: /logs/keyboards/76664466735990901510520636346118486 -- size: 32768
File: /logs/keyboards/766644667359909015099532035708959945 -- size: 65536
File: /logs/keyboards/76664466735990906295779836276232282 -- size: 16384
File: /logs/keyboards/76664466735990904702453544468807331 -- size: 16384
File: /logs/keyboards/7666446673599090170408229269918618 -- size: 16384
File: /logs/keyboards/76664466735990903285660563175899050 -- size: 32768
File: /logs/keyboards/766644667359909014685990245252163346 -- size: 49152
File: /logs/keyboards/766644667359909011628677737731856472 -- size: 32768
File: /logs/keyboards/766644667359909010359735606683849373 -- size: 16384
File: /logs/keyboards/76664466735990908456548925178475508 -- size: 32768
File: /logs/keyboards/76664466735990909801092853721370924 -- size: 32768
File: /logs/keyboards/76664466735990901833609071298256950 -- size: 32768
File: /logs/keyboards/7666446673599090468852353123506722 -- size: 16384
File: /logs/keyboards/76664466735990906450748136177782833 -- size: 16384
File: /logs/keyboards/766644667359909015513822582331217219 -- size: 344064
File: /logs/keyboards/76664466735990909810206192090652970 -- size: 32768
File: /logs/keyboards/766644667359909010214674985941484709 -- size: 16384
File: /logs/keyboards/76664466735990907649718076924724911 -- size: 16384
File: /logs/keyboards/76664466735990908723957667202579008 -- size: 32768
File: /logs/keyboards/76664466735990907148041342980066316 -- size: 32768
File: /logs/keyboards/76664466735990902812946271816062377 -- size: 16384
File: /logs/keyboards/76664466735990909215179786316808386 -- size: 16384
File: /logs/keyboards/766644667359909013346414986804341511 -- size: 32768
File: /logs/keyboards/766644667359909018017913856681610973 -- size: 16384
File: /logs/keyboards/766644667359909018357760811814930992 -- size: 16384
File: /logs/keyboards/766644667359909015513822581660128574 -- size: 344064
File: /logs/keyboards/766644667359909012454704206223527287 -- size: 65536
File: /logs/keyboards/766644667359909014899984046633356346 -- size: 65536
File: /logs/keyboards/7666446673599090192470515562830615 -- size: 65536
File: /logs/keyboards/766644667359909012903381043140776102 -- size: 16384
File: /logs/keyboards/76664466735990903153008174226906286 -- size: 344064
File: /logs/keyboards/766644667359909013346414986804333318 -- size: 32768
File: /logs/keyboards/766644667359909015059905558314845742 -- size: 16384
File: /logs/keyboards/76664466735990902438641690166466484 -- size: 32768
File: /logs/keyboards/7666446673599090192470515562568470 -- size: 65536
File: /logs/keyboards/766644667359909013895129188852850096 -- size: 65536
File: /logs/keyboards/766644667359909011390230666429192048 -- size: 16384
File: /logs/keyboards/76664466735990907956758366567154753 -- size: 49152
File: /logs/keyboards/766644667359909014073183259346823724 -- size: 16384
File: /logs/keyboards/766644667359909016622100368693247246 -- size: 344064
File: /logs/keyboards/7666446673599090837689389118328179 -- size: 16384
File: /logs/keyboards/7666446673599090170408229269916569 -- size: 16384
File: /logs/keyboards/766644667359909012454704206223494518 -- size: 65536
File: /logs/keyboards/766644667359909016566227415262975036 -- size: 32768
File: /logs/keyboards/766644667359909017910964378731076536 -- size: 49152
File: /logs/keyboards/766644667359909017333426715898399291 -- size: 32768
File: /logs/keyboards/76664466735990903563691877931785018 -- size: 65536
File: /logs/keyboards/7666446673599090837689389118327154 -- size: 16384
File: /logs/keyboards/76664466735990908359789061913328206 -- size: 32768
File: /logs/keyboards/766644667359909010346529381522211447 -- size: 65536
File: /logs/keyboards/766644667359909014253554575213696956 -- size: 16384
File: /logs/keyboards/766644667359909013895129188852915633 -- size: 65536
File: /logs/keyboards/766644667359909016566227415262991421 -- size: 32768
File: /logs/keyboards/76664466735990901426842438834833499 -- size: 16384
File: /logs/keyboards/76664466735990907302544081539415182 -- size: 32768
File: /logs/keyboards/766644667359909017263442939648034868 -- size: 32768
File: /logs/keyboards/76664466735990909961283903590181176 -- size: 16384
File: /logs/keyboards/76664466735990903563691877931752249 -- size: 65536
File: /logs/keyboards/766644667359909016622100368735190291 -- size: 344064
File: /logs/keyboards/76664466735990907148041342980074509 -- size: 32768
File: /logs/keyboards/76664466735990903673235066222553441 -- size: 32768
File: /logs/keyboards/766644667359909017107545498430363096 -- size: 16384
File: /logs/keyboards/766644667359909013023085665371146919 -- size: 32768
File: /logs/keyboards/7666446673599090311239178030957486 -- size: 32768
File: /logs/keyboards/766644667359909010346529381522178678 -- size: 65536
File: /logs/keyboards/766644667359909014331515974437853778 -- size: 32768
File: /logs/keyboards/766644667359909011556623339276985505 -- size: 32768
File: /logs/keyboards/766644667359909014024175521646802513 -- size: 65536
File: /logs/keyboards/76664466735990906984147437487999993 -- size: 32768
File: /logs/keyboards/766644667359909015889450582846900287 -- size: 16384
File: /logs/keyboards/766644667359909013675589820096907526 -- size: 32768
File: /logs/keyboards/76664466735990903153008174224284841 -- size: 344064
File: /logs/keyboards/766644667359909017541474350624159419 -- size: 32768
File: /logs/keyboards/766644667359909014899984046633323577 -- size: 65536
File: /logs/keyboards/766644667359909018017913856681606876 -- size: 16384
File: /logs/keyboards/76664466735990902079232239569520854 -- size: 16384
File: /logs/keyboards/766644667359909015811990155125196550 -- size: 32768
File: /logs/keyboards/766644667359909012722995609898752596 -- size: 16384
File: /logs/keyboards/76664466735990907423272616470040896 -- size: 16384
File: /logs/keyboards/76664466735990906681827594646025738 -- size: 32768
File: /logs/keyboards/76664466735990905724758919114851935 -- size: 16384
File: /logs/keyboards/76664466735990904702453544468809380 -- size: 16384
File: /logs/keyboards/766644667359909017107545498430358999 -- size: 16384
File: /logs/keyboards/76664466735990909961283903590181689 -- size: 16384
File: /logs/keyboards/76664466735990908723957667202562623 -- size: 32768
File: /logs/keyboards/76664466735990908676265135856546438 -- size: 16384
File: /logs/keyboards/76664466735990909454106934080224330 -- size: 16384
File: /logs/keyboards/766644667359909010359735606683847324 -- size: 16384
File: /logs/keyboards/766644667359909012903381043140774053 -- size: 16384
File: /logs/keyboards/766644667359909011727454023520578498 -- size: 16384
File: /logs/keyboards/766644667359909017333426715898382906 -- size: 32768
File: /logs/keyboards/766644667359909011083296270368730289 -- size: 65536
File: /logs/keyboards/76664466735990903317165245547056757 -- size: 16384
File: /logs/keyboards/766644667359909014856671610380621204 -- size: 16384
File: /logs/keyboards/76664466735990909151938920244527815 -- size: 16384
File: /logs/keyboards/766644667359909010509302489921646430 -- size: 16384
File: /logs/keyboards/76664466735990908476713343446383760 -- size: 16384
File: /logs/keyboards/76664466735990904049102121672502024 -- size: 16384
File: /logs/keyboards/76664466735990902079232239569524951 -- size: 16384
File: /logs/keyboards/76664466735990907682341549622566283 -- size: 16384
File: /logs/keyboards/766644667359909011083296270368664752 -- size: 65536
File: /logs/keyboards/766644667359909014024175521646278224 -- size: 65536
File: /logs/keyboards/76664466735990907956758366567171138 -- size: 49152
File: /logs/keyboards/766644667359909017780345968668857801 -- size: 65536
File: /logs/keyboards/76664466735990906159639468334448822 -- size: 16384
File: /logs/MobileInstallation/private/var/containers/Shared/SystemGroup/27FDFA0A-2366-4A40-B0BE-C67AA3B56395/Library/Logs/mobile_installation_helper.log.0 -- size: 852
File: /logs/MobileInstallation/mobile_installation.log.0 -- size: 233000
File: /logs/MobileInstallation/mobile_installation.log.1 -- size: 262363
File: /logs/powerlogs/powerlog_2018-11-28_12-11_8DD0A53E.PLSQL -- size: 10301440
File: /logs/AWD/awdd-2018-11-28-022856-77.consolidated.metriclog -- size: 22368
File: /logs/AWD/awdd-2018-11-27-022757-61.consolidated.metriclog -- size: 97556
File: /logs/AWD/awdd-2018-11-28-120109-87.consolidated.metriclog -- size: 3549
File: /logs/AWD/awdd-2018-11-27-192926-70.consolidated.metriclog -- size: 76301
File: /logs/AWD/awdd-2018-11-28-113505-82.consolidated.metriclog -- size: 53574
File: /logs/AccessibilityPrefs/com.apple.Accessibility.SwitchControl.plist -- size: 4065
File: /logs/AccessibilityPrefs/com.apple.VoiceOverTouch.plist -- size: 1188
File: /logs/AccessibilityPrefs/com.apple.AssistiveTouch.plist -- size: 175
File: /logs/AccessibilityPrefs/com.apple.Accessibility.plist -- size: 4138
File: /logs/AccessibilityPrefs/com.apple.SpeakSelection.plist -- size: 38876
File: /logs/SystemVersion/SystemVersion.plist -- size: 570
File: /logs/olddsc/DSCSYM-3F1A1801-A180-36D4-AF97-EA25553663F7 -- size: 466737
File: /logs/MobileActivation/mobileactivationd.log.0 -- size: 58302
File: /logs/MobileActivation/ucrt_oob_response.txt -- size: 2408
File: /logs/MobileActivation/collection_oob_request.txt -- size: 17153
File: /logs/MobileActivation/ucrt_oob_request.txt -- size: 7053
File: /logs/MobileActivation/collection_oob_response.txt -- size: 636
File: /logs/MobileBackup/com.apple.MobileBackup.plist -- size: 42
File: /logs/MobileContainerManager/containermanagerd.log.0 -- size: 12501
File: /logs/Baseband/ambtool_output.log -- size: 30
File: /logs/appinstallation/AppUpdates.sqlitedb -- size: 8192
File: /logs/appinstallation/appstored.sqlitedb-wal -- size: 3258952
File: /logs/appinstallation/appstored.sqlitedb -- size: 4096
File: /logs/appinstallation/appstored.sqlitedb-shm -- size: 32768
File: /logs/appinstallation/AppUpdates.sqlitedb-shm -- size: 32768
File: /logs/appinstallation/AppUpdates.sqlitedb-wal -- size: 0
File: /smcDiagnose.txt -- size: 73
File: /summaries/CoreLocation.log -- size: 0
File: /summaries/MobileActivation.log -- size: 456
File: /summaries/NSURLSession_logs.log -- size: 0
File: /summaries/SiriAnalytics.log -- size: 157
File: /summaries/Accounts.log -- size: 144
File: /summaries/brctl.log -- size: 1159
File: /summaries/SoundAutoConfig.log -- size: 0
File: /summaries/olddsc.log -- size: 340
File: /summaries/OTA.log -- size: 0
File: /summaries/SUInfo.log -- size: 0
File: /summaries/MobileKeybagLogs.log -- size: 0
File: /summaries/LaunchServices.log -- size: 150
File: /summaries/Burnin.log -- size: 0
File: /summaries/Harmony.log -- size: 0
File: /summaries/CompanionSync.log -- size: 0
File: /summaries/itunesstored.log -- size: 335
File: /summaries/AWD.log -- size: 749
File: /summaries/ProtectedCloudStorage.log -- size: 182
File: /summaries/BridgeActivation.log -- size: 0
File: /summaries/AppConduit.log -- size: 158
File: /summaries/MobileLockdown.log -- size: 121
File: /summaries/process_crashes_and_spins.log -- size: 3293
File: /summaries/CoreCapture.log -- size: 204
File: /summaries/Contacts.log -- size: 0
File: /summaries/NanoRegistry.log -- size: 0
File: /summaries/hidrecorderd.log -- size: 0
File: /summaries/WiFi.log -- size: 3715
File: /summaries/LogStreamFilter.log -- size: 0
File: /summaries/Networking.log -- size: 819
File: /summaries/MobileInstallation.log -- size: 514
File: /summaries/syslog.log -- size: 0
File: /summaries/ondemandd.log -- size: 0
File: /summaries/BluetoothCoreDump.log -- size: 0
File: /summaries/StoreServices.log -- size: 30
File: /summaries/HCI.log -- size: 158
File: /summaries/AccessibilityPrefs.log -- size: 973
File: /summaries/cts.log -- size: 0
File: /summaries/MobileBackup.log -- size: 123
File: /summaries/AVConference.log -- size: 139
File: /summaries/ASPSnapshots.log -- size: 845
File: /summaries/MobileContainerManager.log -- size: 134
File: /summaries/AGXMTLCompilerCrash.log -- size: 0
File: /summaries/powerlogs.log -- size: 352
File: /summaries/MapsSyncJournal.log -- size: 0
File: /summaries/diagnostic_summary.log -- size: 12288
File: /summaries/parsecd.log -- size: 119
File: /summaries/ATVUpdateLog.log -- size: 142
File: /summaries/coremediacapture-afdebug.log -- size: 0
File: /summaries/CloudKitBookmarks.log -- size: 189
File: /summaries/FindMyDevice.log -- size: 0
File: /summaries/process_proxied_device_logs.log -- size: 158
File: /summaries/libnotify.log -- size: 0
File: /summaries/launchdLogs.log -- size: 0
File: /summaries/tailspin-history.log -- size: 103
File: /summaries/BluetoothAccessory.log -- size: 0
File: /summaries/CoreMedia.log -- size: 345
File: /summaries/Panics.log -- size: 282
File: /summaries/DataMigration.log -- size: 0
File: /summaries/MatchTailspins.log -- size: 0
File: /summaries/Preferences.log -- size: 1568
File: /summaries/Siri.log -- size: 339
File: /summaries/appinstallation.log -- size: 1158
File: /summaries/BatteryUIPlist.log -- size: 0
File: /summaries/HangTracerTailspins.log -- size: 179
File: /summaries/WatchConnectivity.log -- size: 153
File: /summaries/keyboard_cache.log -- size: 15061
File: /summaries/basebandMeta.log -- size: 107
File: /summaries/Buddy.log -- size: 0
File: /summaries/SystemVersion.log -- size: 113
File: /summaries/stackshots.log -- size: 14322
File: /summaries/demod.log -- size: 227
File: /summaries/MemoryExceptions.log -- size: 352
File: /oslog_archive_error.log -- size: 109
File: /pcsstatus.txt -- size: 14449
File: /ps.txt -- size: 38872
File: /Preferences/AppleLocale.txt -- size: 31
File: /Preferences/Keyboard_Preferences.txt -- size: 329
File: /Preferences/UIPreferredContentSizeCategoryName.txt -- size: 4
File: /Preferences/AppleLanguages.txt -- size: 54
File: /errors/pcsstatus_stderr.txt -- size: 44
File: /errors/ioreg_stderr.txt -- size: 31
File: /errors/spindump_stderr.txt -- size: 384
File: /errors/tailspin_stderr.txt -- size: 75
File: /errors/suggest_tool_stderr.txt -- size: 84
File: /errors/apfs_stats_stderr.txt -- size: 92
File: /errors/smcDiagnose_stderr.txt -- size: 37
File: /apfs_stats.txt -- size: 7847
File: /ps_thread.txt -- size: 114418
File: /system_logs.logarchive/95/5537384400325BB73D6BFFC62E07BF -- size: 52376
File: /system_logs.logarchive/6C/655DFB4AE4395EA5D0E484A67AAF3B -- size: 206901
File: /system_logs.logarchive/6C/AF6713F0AA3E3EB8F2AAD678F4406B -- size: 485
File: /system_logs.logarchive/6C/5DE716B2263160996F6456E6E9C3D8 -- size: 135070
File: /system_logs.logarchive/6C/0ABDD9F00A3FC1A69BB63598845EE5 -- size: 3280
File: /system_logs.logarchive/59/2CFF3FBBCA3EF18972A4E619E9ECAD -- size: 5603
File: /system_logs.logarchive/59/4562B9B07E359E972D6437C8C1ABEB -- size: 16573
File: /system_logs.logarchive/59/719CE95AAB3055A054E07303875D06 -- size: 283836
File: /system_logs.logarchive/92/AB88F320BF3A01A1286E1B5753AB38 -- size: 219
File: /system_logs.logarchive/92/FD81D61BB63C279C67A46251F9A400 -- size: 5492
File: /system_logs.logarchive/66/F43D27BDDF3030BB9B355A68BA16F6 -- size: 47109
File: /system_logs.logarchive/66/C1E965722033B6B4D34D58C88619E9 -- size: 13667
File: /system_logs.logarchive/66/99BDFDACE83BCDBA82BCBBE616890A -- size: 820
File: /system_logs.logarchive/68/F8A6091B7B3EB2BB891D2D8F399B0B -- size: 4540
File: /system_logs.logarchive/68/7AD2506B783FA1A1A506219821D07B -- size: 2287
File: /system_logs.logarchive/68/8D80AD6FA539878DF0B198D6DE8324 -- size: 6051
File: /system_logs.logarchive/68/C2AC157D22347794D8932054B30E86 -- size: 434
File: /system_logs.logarchive/5B/5EB69EDFA13589BD30C37412D0DE79 -- size: 7256
File: /system_logs.logarchive/5B/62DD99978035FABCC860B5D4A91415 -- size: 99696
File: /system_logs.logarchive/57/7932713A343F6087CF504B5A99F5E5 -- size: 9263
File: /system_logs.logarchive/03/D1F3FFBC593FA0A96ED888B392C449 -- size: 250305
File: /system_logs.logarchive/03/2A3F59D5233526908623AB8DE35313 -- size: 2264
File: /system_logs.logarchive/03/F1BFF2DC013DA3A2C4CB75C6EEBC94 -- size: 11022
File: /system_logs.logarchive/03/70669B251A3CAE95CBAA59540A2FFC -- size: 1428
File: /system_logs.logarchive/04/418E268E2336AC8798B84AEFC8CBB2 -- size: 267
File: /system_logs.logarchive/04/AA3D259889365FB5FCF45F576648B3 -- size: 8044
File: /system_logs.logarchive/04/89EAAB0B463C3DAC2D4FDFC2908FD0 -- size: 4617
File: /system_logs.logarchive/04/C38099A8E0307A91841BA43531615A -- size: 10098
File: /system_logs.logarchive/04/FB1EE380AC3A898617985F3E1B0242 -- size: 12798
File: /system_logs.logarchive/0A/02F86DD50B31549ECAA72DEE010BC1 -- size: 6240
File: /system_logs.logarchive/35/4EF47E88B23FFDA9437C36E27249C0 -- size: 84984
File: /system_logs.logarchive/35/F568443E563AA4B0096A3D94258A00 -- size: 816
File: /system_logs.logarchive/35/29F510A0243DACA8022159B5C8D41E -- size: 1722
File: /system_logs.logarchive/35/E55D6639873CF2969B01CDE5DF2819 -- size: 1563806
File: /system_logs.logarchive/5C/3A02851D0E31DE8EFC9BB8A99E4D06 -- size: 608650
File: /system_logs.logarchive/5C/D2C389627335078B9812DB60556438 -- size: 163721
File: /system_logs.logarchive/5C/6478A18DA03DC88E2FD5C3C28A44F5 -- size: 2408
File: /system_logs.logarchive/5C/C36683377E353C9E1CEF704DD6D575 -- size: 67949
File: /system_logs.logarchive/69/B9240148EB3096AC150E58B48488DC -- size: 1837
File: /system_logs.logarchive/56/E37B381BB43A1C94FDF8E787560505 -- size: 4478
File: /system_logs.logarchive/56/870882EEDE36A8BA8E5241B93740C2 -- size: 108636
File: /system_logs.logarchive/5D/084A404F673F86AAEF54DF9E3F849A -- size: 51496
File: /system_logs.logarchive/5D/424401FFD1304EBCCDB8594FE72360 -- size: 42616
File: /system_logs.logarchive/5D/71E82CDB943BD2BAC884E920A888E0 -- size: 108644
File: /system_logs.logarchive/5D/DD05683EA8332987E8F5EA49E3EF57 -- size: 3545
File: /system_logs.logarchive/5D/0FEE9D640334428A484C8BD9BC67C2 -- size: 2151
File: /system_logs.logarchive/5D/91768342063B328C91DBDA178F871F -- size: 9551
File: /system_logs.logarchive/51/41922FE069376B90869B3123F125BC -- size: 6936
File: /system_logs.logarchive/51/48170DF64F3757B3309D15E5BB963F -- size: 855
File: /system_logs.logarchive/51/B055343A763D19B272AA23AB92CF55 -- size: 61341
File: /system_logs.logarchive/51/C4208BDF123C46AA97B9A0921FEA9D -- size: 173
File: /system_logs.logarchive/51/6CC8DF82823DC3974582DC866A7C14 -- size: 40166
File: /system_logs.logarchive/9F/3A0F13725537C79AF46DCCC12824D4 -- size: 6187
File: /system_logs.logarchive/9F/0FC5E7FA8435EF892E80C020457116 -- size: 326
File: /system_logs.logarchive/58/53644225AF37E5AF43B4529EE06FA2 -- size: 15034
File: /system_logs.logarchive/6B/126101BABF38E7B46B829F941E752D -- size: 556
File: /system_logs.logarchive/6B/50933EE3013C278CD12592502A5A06 -- size: 22034
File: /system_logs.logarchive/6B/A4E314001234F8B5AEFF0CF4458CA7 -- size: 27617
File: /system_logs.logarchive/6B/A09B4C77EC311098173CE2EA1B97A0 -- size: 13622
File: /system_logs.logarchive/6B/8CEF90A36F331AA7797BF1F9B9E31C -- size: 165077
File: /system_logs.logarchive/6B/B69E040974344EAE31744586AC54A1 -- size: 58840
File: /system_logs.logarchive/6B/2E99F0D27439A193EC81D46CD8DE24 -- size: 21613
File: /system_logs.logarchive/6B/CCAE72CE0F301AB40E620EF724BE05 -- size: 2096
File: /system_logs.logarchive/6B/B340E1122C32EC982FFA4E8F12F3CA -- size: 17266
File: /system_logs.logarchive/6B/2D12B202F53BA0A399BCC816DB574E -- size: 5534
File: /system_logs.logarchive/67/D39C8D68083774B2AD3AD21AE29306 -- size: 12244
File: /system_logs.logarchive/67/ADA5D2CE9736D1AC3B3C17238281BA -- size: 2723
File: /system_logs.logarchive/67/3662F2613D39CE92990128B115AE74 -- size: 2047
File: /system_logs.logarchive/67/8EC531B8C231238C12DDCB24269DBA -- size: 20668
File: /system_logs.logarchive/67/3073B0C325301DA64F6CA5E84D6F2B -- size: 13384
File: /system_logs.logarchive/67/E218AE047037DCA1A28BFC268AD047 -- size: 11711
File: /system_logs.logarchive/67/44AA8A36DE3A45A9E6F06B087BF8D8 -- size: 1389
File: /system_logs.logarchive/67/F3FD84D0C33895BA4F0F4D218D0E92 -- size: 292257
File: /system_logs.logarchive/93/E2780397EA3E65B2F46CBEE551C4D3 -- size: 4874
File: /system_logs.logarchive/93/CA6BEEB74D36E2993723D65BC5A417 -- size: 248
File: /system_logs.logarchive/6E/84DC4521143570902CD67BDB04E388 -- size: 62659
File: /system_logs.logarchive/6E/6618F852383E62A8CA144B407F9818 -- size: 11022
File: /system_logs.logarchive/6E/9E1574D5433E0A8BFDA2C36787BBD6 -- size: 30433
File: /system_logs.logarchive/6E/0E0E344089356E941B6DCBCEF132D7 -- size: 424
File: /system_logs.logarchive/9A/4B30510CA7332DA35D918FEDCC922A -- size: 34754
File: /system_logs.logarchive/9A/ECE65C291C3C8E87A4D98A77FBDAB7 -- size: 57587
File: /system_logs.logarchive/9A/0E586A3FC036FEA3469A03915436CC -- size: 560
File: /system_logs.logarchive/94/A675931C073A90AF86BAC94C61C5B4 -- size: 248728
File: /system_logs.logarchive/94/3C71E5E0363B6CA769DF0FC14C770D -- size: 16548
File: /system_logs.logarchive/94/EAA6F69C0930B88A965F514FCF7BFD -- size: 33836
File: /system_logs.logarchive/60/CB784A20683713BA720E5A535B91E6 -- size: 4947
File: /system_logs.logarchive/60/A220DEBE5431BF89383F3F7D7EA462 -- size: 30833
File: /system_logs.logarchive/60/9204237304349594CF85C53EA1B8CB -- size: 26985
File: /system_logs.logarchive/60/501543062437FE86FF0AEF7DD8B617 -- size: 326
File: /system_logs.logarchive/34/657274F07432679CD36A13BEC60E84 -- size: 5759
File: /system_logs.logarchive/34/1C749A47A831A8A6BFCB47ACD0C8F6 -- size: 953
File: /system_logs.logarchive/34/246179B01F3F66A6E81B7C5992897B -- size: 490
File: /system_logs.logarchive/3A/FC949937AD3F85B0F658E03FB27355 -- size: 41089
File: /system_logs.logarchive/3A/52E59014BC3813A95AC6E110C7CBC1 -- size: 41303
File: /system_logs.logarchive/3A/A02D52D28F3E2AA30A703C4A85A612 -- size: 26261
File: /system_logs.logarchive/33/7A7431F4223D22AB0DC4E964E2A3C7 -- size: 2307
File: /system_logs.logarchive/3F/59C9BFBC803A4CBDBED4A240FB4135 -- size: 25930
File: /system_logs.logarchive/3F/2DCED96D0A30079A7B77388BD19B87 -- size: 28792
File: /system_logs.logarchive/3F/805528F9FD33F484AA7C4D04BB3B90 -- size: 82625
File: /system_logs.logarchive/3F/5DCC49209630ADA64A35FF3D4FF3CA -- size: 639
File: /system_logs.logarchive/05/F19AF2E68D350CB6C9C22924109273 -- size: 12044
File: /system_logs.logarchive/05/E07BFA06073D72940E24E56D68439A -- size: 37072
File: /system_logs.logarchive/05/C5011E291C3044852E05B045CA217F -- size: 4597
File: /system_logs.logarchive/05/4010BF6A6A3C8D9054C293B06DF5F4 -- size: 43038
File: /system_logs.logarchive/05/C37698DECD30078B67936C9593992F -- size: 10658
File: /system_logs.logarchive/05/0829145FD83F4088A425B3BEBDDFC5 -- size: 56834
File: /system_logs.logarchive/02/559AB33D543517B66D515C7AA17DD3 -- size: 8545
File: /system_logs.logarchive/AA/B54F67A4E53003A3137A94A3B6A9DF -- size: 16496
File: /system_logs.logarchive/AA/1C8B630F1F3F6985B01D4D363812D0 -- size: 12440
File: /system_logs.logarchive/AA/71FE7BAD2A3B84B98B23F851CA7532 -- size: 1897
File: /system_logs.logarchive/A4/7E100998A0376FA79944E83D46B70C -- size: 21540
File: /system_logs.logarchive/A4/F95B9D1D5739C49D0A09847EB9B74E -- size: 850
File: /system_logs.logarchive/A4/057647A9DB3B768D7DCF799F1A95D2 -- size: 8400
File: /system_logs.logarchive/A4/2430F3824F3D7C83322381BC956EB0 -- size: 6633
File: /system_logs.logarchive/AF/588DBF67CF39B790E8298AF426D6E9 -- size: 63855
File: /system_logs.logarchive/AF/C7A078DCDE3D9FB097BBB43520BB18 -- size: 202992
File: /system_logs.logarchive/AF/104FB7C68531C79C559AE94F84A64B -- size: 5982
File: /system_logs.logarchive/A3/9229E57C1938E6ACAB31DEF6C052A6 -- size: 164365
File: /system_logs.logarchive/A3/31D33ADDB23A60BA05360D63A3E844 -- size: 310368
File: /system_logs.logarchive/A3/CCF1DE0D13399E841857C77A16D5ED -- size: 24
File: /system_logs.logarchive/B5/D6C947F82035B9BB2B2A2BDA6D54D1 -- size: 58232
File: /system_logs.logarchive/B5/66D445F1D036D9BA35D369262C799D -- size: 1661
File: /system_logs.logarchive/B2/D2296191CB36BAB9A664C6B25A3C83 -- size: 85969
File: /system_logs.logarchive/B2/46DD0A8A2231469CBC286EF67BAE27 -- size: 12653
File: /system_logs.logarchive/D9/9AD42017F83F7CA82ECC9704826DEF -- size: 21882
File: /system_logs.logarchive/D9/61C7D607683B9692D7DD9DF06DC9E3 -- size: 1279
File: /system_logs.logarchive/D9/343958EC303BFA95E14435FF353D29 -- size: 2832
File: /system_logs.logarchive/D9/0975DA63B438ACA37728DB3A577967 -- size: 108945
File: /system_logs.logarchive/D9/1FA602A1773DC6B5B8B4339C90E924 -- size: 212
File: /system_logs.logarchive/D7/FF3F86CD5B3BA88526851E2EACDC71 -- size: 2405
File: /system_logs.logarchive/D7/6C8B1F509337EBACF11ECF2E6588E3 -- size: 4803
File: /system_logs.logarchive/D7/146F54F94E3A0EBF8093FD11E1E931 -- size: 30728
File: /system_logs.logarchive/DB/B69A7711303946B57A82E1C081F062 -- size: 34394
File: /system_logs.logarchive/D0/9A7ED8CA2038088C5C98AE8264042F -- size: 10512
File: /system_logs.logarchive/D0/01C5FFCEEB3AF7A4E8F8A7D976EFD1 -- size: 762
File: /system_logs.logarchive/D0/DC166142AE331EA1CE3AA98BCB5C72 -- size: 27927
File: /system_logs.logarchive/BF/CF51ED1DC03D36A8D72B918F0E081C -- size: 7959
File: /system_logs.logarchive/BF/9461065E3630AD8382E685FFA8A1BB -- size: 23618
File: /system_logs.logarchive/B3/43181AB41934FE916E6C2B6E98CA39 -- size: 2588
File: /system_logs.logarchive/B3/73EDC4C2A630F09EA9A5F0A614B0D8 -- size: 29207
File: /system_logs.logarchive/BA/2072C38ED332DA9BB2DDF18F692D0F -- size: 25983
File: /system_logs.logarchive/BA/090592CA18398DB83461F7F374750F -- size: 626
File: /system_logs.logarchive/BA/CC5FE9415736A4821A501604367C68 -- size: 4963
File: /system_logs.logarchive/B4/F3A6EC99A434E581DDB3304DCF8850 -- size: 8196
File: /system_logs.logarchive/B4/1E863515EC36CC9D18E531F11610E2 -- size: 330
File: /system_logs.logarchive/B4/3990EF8A1337E3BE568888FF937C1D -- size: 41558
File: /system_logs.logarchive/A2/4F187DDA42310E9539CE394E079B8A -- size: 9671
File: /system_logs.logarchive/A2/96125D82463E2CB35D795E46C7457B -- size: 1375
File: /system_logs.logarchive/A5/332DF87E133BE692503D430D865955 -- size: 20131
File: /system_logs.logarchive/A5/02C2BB20373E3F98B0019AFF1B8472 -- size: 12917
File: /system_logs.logarchive/A5/BA020314D23A05B23A6B7CAF08B106 -- size: 6733
File: /system_logs.logarchive/D1/8309A90E9A37769C51AA990B1FABF3 -- size: 37333
File: /system_logs.logarchive/D1/61B6D2C2343AFD923DE7419EE76219 -- size: 55090
File: /system_logs.logarchive/D1/667EBF3D283887B9A501D37B9D8B17 -- size: 5531
File: /system_logs.logarchive/D1/101EF38F2E3162BF07415349FA3094 -- size: 5605
File: /system_logs.logarchive/DC/D3A67AEBC539E7A31E28AFA838C09D -- size: 74129
File: /system_logs.logarchive/DC/49D988919F350B8D2E44F39B19FF7C -- size: 2251
File: /system_logs.logarchive/DC/47DDCA78663C9D99F40B399CB615B8 -- size: 20294
File: /system_logs.logarchive/DC/4018B7F343333BB314DAB5A501AC55 -- size: 4036
File: /system_logs.logarchive/D8/8B8114E53A3353AF7FAA421CEFE358 -- size: 5576
File: /system_logs.logarchive/E5/3D7AD3CB263464BE64CD8170D930E4 -- size: 107
File: /system_logs.logarchive/E2/3F841B552C307EB9BFA00D2692AD1D -- size: 19520
File: /system_logs.logarchive/E2/9F858B3C6E35628C6FD8BB8EEBB6CE -- size: 5979
File: /system_logs.logarchive/E2/99071CFE563B039D8271B54484470C -- size: 5511
File: /system_logs.logarchive/FA/D48AC184503989B24BCE3D8E45269C -- size: 11768
File: /system_logs.logarchive/FA/2D5548D06B3439BBEE3D6460785D43 -- size: 13147
File: /system_logs.logarchive/FA/74486F453331D290D151025A6F5F99 -- size: 33
File: /system_logs.logarchive/FA/CEF0CF7CCA3C9E94CEFBAAF15A2942 -- size: 733525
File: /system_logs.logarchive/F4/663096BBB630909EED490370D60310 -- size: 4540
File: /system_logs.logarchive/F4/FF6DC7066F391387B5EFD24A26AA44 -- size: 6436
File: /system_logs.logarchive/FF/D64F2E66263763A399470FF5300399 -- size: 9833
File: /system_logs.logarchive/FF/9B9F2FCE17386780152A5CD99B9216 -- size: 287
File: /system_logs.logarchive/FF/EE31A9A88032788569A5FC93306CC2 -- size: 3318
File: /system_logs.logarchive/FF/E927B5A2C831D79621111D84D26EE6 -- size: 1534
File: /system_logs.logarchive/FF/3B4118DAD93B1BA633ED630BC13D75 -- size: 11134
File: /system_logs.logarchive/FF/134C41DE12381BB33EADC6E1A2A23E -- size: 75962
File: /system_logs.logarchive/F3/A41BC25AF7305CBA40D892E969158E -- size: 5057
File: /system_logs.logarchive/F3/43444AD87333BAB5521E784905B53C -- size: 695
File: /system_logs.logarchive/C7/C74DDAF7C73E57958CE30468027D44 -- size: 9846
File: /system_logs.logarchive/C7/EC1F0F44983CD6955CA5C5BE91FB27 -- size: 318
File: /system_logs.logarchive/C7/EAFFADD5F93280AF6D8EDE6E9CE89D -- size: 105
File: /system_logs.logarchive/CB/54DF8CAB2B3189B0B77BCF50E39CBD -- size: 31311
File: /system_logs.logarchive/C0/5B9E86B87E3D438B4953A4A4A36499 -- size: 12158
File: /system_logs.logarchive/C0/0559F77CF932BD805629533A32D439 -- size: 8415
File: /system_logs.logarchive/C0/6F8DAB14DD3A788E1B4B7C50EEC81D -- size: 12882
File: /system_logs.logarchive/C0/94C27323A13153991686706493F6A8 -- size: 7004
File: /system_logs.logarchive/CE/73F6487FC53EF99ACF622BC61A5723 -- size: 7853
File: /system_logs.logarchive/CE/C9D504857B394B8BEA74DCA6DD60AE -- size: 12852
File: /system_logs.logarchive/CE/C7E17AB06E398187D040B55A23F8A4 -- size: 12165
File: /system_logs.logarchive/CE/B004FC1DC03BB8BEFB7BCD4CD3A6AF -- size: 17124
File: /system_logs.logarchive/CE/A42377DC683726A1139C1B42D5BCFC -- size: 58458
File: /system_logs.logarchive/C9/893D166082369DA80A558E77B2E993 -- size: 15569
File: /system_logs.logarchive/C9/F6A1567847381D906963AB70B41071 -- size: 309
File: /system_logs.logarchive/C9/24F95A5C6B308797F8EDBE266E560B -- size: 17062
File: /system_logs.logarchive/F2/7A6311D4D73CC7B95C31C4B1A90D44 -- size: 3721
File: /system_logs.logarchive/F2/A50F29A2B731F4A8792FFBC9479FCA -- size: 12034
File: /system_logs.logarchive/F5/F2BAA7BAA83A53A8B432F0E410D88F -- size: 4094
File: /system_logs.logarchive/F5/A0EBE30EFC3C498174AA88878E661C -- size: 931
File: /system_logs.logarchive/F5/2DD8EBF57D3F1A87E69A9039B21013 -- size: 137679
File: /system_logs.logarchive/F5/09AC2D6C723853934AF53CBBC55B6B -- size: 28014
File: /system_logs.logarchive/F5/85CD83B9B93BEF9CB98E3BD2D6A892 -- size: 18295
File: /system_logs.logarchive/F5/EB88BE1A99354987A39B2F6384F372 -- size: 84343
File: /system_logs.logarchive/F5/CFA4BC85E6379897A7DF5A8B5D7BA2 -- size: 6930
File: /system_logs.logarchive/EF/C65652EBD53E81BD535E3B6126CFCF -- size: 33231
File: /system_logs.logarchive/EF/EA5B7760063412ADD0062C46C7992A -- size: 88
File: /system_logs.logarchive/EF/94E632350F3B65A3A5380FBB73FADC -- size: 4420
File: /system_logs.logarchive/EF/40DE2D57E13724BD20421E267655A4 -- size: 214584
File: /system_logs.logarchive/EF/68A98BE1E23EFD8176470CF866A62F -- size: 1767
File: /system_logs.logarchive/E3/0EC08688643ECBAA60FED73FD84E7F -- size: 1979
File: /system_logs.logarchive/E3/E64504DA6A3D74B8560647A151EB0C -- size: 14949
File: /system_logs.logarchive/E3/C132DD8C3935BB906B3147A3A1B9A6 -- size: 27758
File: /system_logs.logarchive/E3/D22C54C3133E58A3C5BE1D65D33B83 -- size: 4117
File: /system_logs.logarchive/E3/45148DBFA13EAE82EFCD37D539A2A6 -- size: 22248
File: /system_logs.logarchive/EA/607E92FDD234998713971DF33BAD45 -- size: 12561
File: /system_logs.logarchive/EA/2692F976ED3B1FA75CD17C7EAA0AE2 -- size: 21572
File: /system_logs.logarchive/EA/5B538CBEA135E0A8CC903139B631A3 -- size: 196029
File: /system_logs.logarchive/EA/77155DF4E6389DA04405433477EDC9 -- size: 32975
File: /system_logs.logarchive/EA/02CD29182C34D9B86B1B1E5A9DF2D6 -- size: 2188
File: /system_logs.logarchive/E4/E8E10846AA311C843C3515F55B0B66 -- size: 3214
File: /system_logs.logarchive/E4/7011FEBDFB36A9A79E1B0D6BFCA486 -- size: 1361
File: /system_logs.logarchive/C8/E33F86F5123581895EBEDF57A738FE -- size: 4074
File: /system_logs.logarchive/C1/B512BAB68A31E4891DFD4520BBEB3F -- size: 71941
File: /system_logs.logarchive/C1/841BB9F4B0385B98DBB86D6A9C79DD -- size: 4883
File: /system_logs.logarchive/C1/2BB2C787093576BDEC5CC293CAD580 -- size: 98242
File: /system_logs.logarchive/C1/5F4EB9C2CD37EDBD2650FE34621BA5 -- size: 858
File: /system_logs.logarchive/CD/692C3A6B263E4B8C90D92717F29A5A -- size: 32484
File: /system_logs.logarchive/CD/7A7BC85A8A373D81887B090C073BF2 -- size: 2332
File: /system_logs.logarchive/C6/7CB36808443C7EA194FE7478866BD4 -- size: 4354
File: /system_logs.logarchive/C6/7CCF3F8B6D3DC199A07F01B5957277 -- size: 17631
File: /system_logs.logarchive/C6/3C306295333B6282CDF1A1F485AF80 -- size: 1397898
File: /system_logs.logarchive/CC/33C6E0AB733D1E8F62627B8A5BC586 -- size: 4461
File: /system_logs.logarchive/2E/272D0101CD3C2EAA5F7386153E0204 -- size: 42785
File: /system_logs.logarchive/2E/73DA260F2F3AAFB579771596A891D4 -- size: 31624
File: /system_logs.logarchive/2E/F5E99376BC3B619584B97125A1700C -- size: 38542
File: /system_logs.logarchive/2E/1417D2B134313FBE836FD23622CB6A -- size: 38259
File: /system_logs.logarchive/20/137BBCCE023F10AFEC6D1FB4A062DF -- size: 11630
File: /system_logs.logarchive/20/54790B2CBE368787E06AAE7D2E8144 -- size: 4501
File: /system_logs.logarchive/20/2453790955327FA0ADB716DC6BB95E -- size: 29970
File: /system_logs.logarchive/18/0F8688D3B73D99ACEFA9045CBFBC52 -- size: 26214
File: /system_logs.logarchive/18/C19B04883E3CD4A4497BC70AE355DF -- size: 1143
File: /system_logs.logarchive/2B/10995E1E0835D89972A43759CD5F87 -- size: 1746
File: /system_logs.logarchive/2B/00E928A72B3B2FA08FDF4897E930DC -- size: 1670
File: /system_logs.logarchive/2B/3147B9C7533A4E83F6A8E4A70610FC -- size: 29427
File: /system_logs.logarchive/27/3BB46CDC3032238EA8F9F3A3ABCFEB -- size: 66756
File: /system_logs.logarchive/27/FC3054662E345E8F6579FA3769EAE7 -- size: 52907
File: /system_logs.logarchive/1D/08010B963C3A0DBE482616FE785670 -- size: 21225
File: /system_logs.logarchive/1D/98AC41BEE9301598B2EE7D4E1403E2 -- size: 6436
File: /system_logs.logarchive/11/7792E2A1D434D29B5EC98D53B27D13 -- size: 277
File: /system_logs.logarchive/11/0E8A0837443DE99A87D3E0E616B991 -- size: 1150
File: /system_logs.logarchive/11/47ED31BE163379BBEEB744BA57CE23 -- size: 16567
File: /system_logs.logarchive/11/794B9623AC3227B089734929333E6A -- size: 1050
File: /system_logs.logarchive/1C/BBACD5EC743BE6827FD78E8DB5F374 -- size: 10376
File: /system_logs.logarchive/1C/51A2D21A9B391097EE743A8C18818D -- size: 891
File: /system_logs.logarchive/1C/A69AF4317F3614AEA1AE839E8D1793 -- size: 162154
File: /system_logs.logarchive/29/5EBB3993D23B778B11F8A2DD16B49E -- size: 27670
File: /system_logs.logarchive/16/BCFF5FCB7231C7BD8B3DFEAE6264B1 -- size: 5914
File: /system_logs.logarchive/42/2AAB91AF7234FD83C01D800707B868 -- size: 25171
File: /system_logs.logarchive/89/A67AED705B3F29BBB87B7C3329B524 -- size: 28739
File: /system_logs.logarchive/45/3C75BD5742318A8B64FA459A46978D -- size: 7115
File: /system_logs.logarchive/45/2123EF49F03F2FB7F5464AEBFA9E23 -- size: 3116
File: /system_logs.logarchive/73/90F9DA1A8B3CF5A4480D8EAA955BC4 -- size: 4993
File: /system_logs.logarchive/87/14987A790230D796EE412F9E72DB05 -- size: 8350
File: /system_logs.logarchive/8B/9D7C90B0AF39BC9723BB2C0B9E7BE1 -- size: 17462
File: /system_logs.logarchive/8B/53B88E7B363E51BE5D6D6C66388505 -- size: 7773
File: /system_logs.logarchive/8B/2AD726751032378363BFAEDD0EF446 -- size: 1722
File: /system_logs.logarchive/8B/D645B678DB3BD1A6915328835DA434 -- size: 84465
File: /system_logs.logarchive/8B/9FAD86B85C34CFA3A9B2BAD446BA5A -- size: 4325
File: /system_logs.logarchive/7F/AF9C5B77403E5C8E848778364E577E -- size: 17371
File: /system_logs.logarchive/7F/8CB3B112583CE08A750E99BA4F502F -- size: 18223
File: /system_logs.logarchive/7F/66C16930CF371C8263F43C03764AE0 -- size: 47556
File: /system_logs.logarchive/7F/1C24B0B84F3BB496368D3F97133E9C -- size: 212
File: /system_logs.logarchive/80/C29F09AE963593AC2E9EF8F5E20654 -- size: 11924
File: /system_logs.logarchive/80/DEEF7DB73C3BB182D2E723E28E800E -- size: 1651
File: /system_logs.logarchive/74/B18C5B491732D0BD36CE92E4E684C7 -- size: 173
File: /system_logs.logarchive/74/4AD785975230938F80A02DD5476221 -- size: 133
File: /system_logs.logarchive/74/83944C5E8836AEB50CCC66D9D1B14E -- size: 122058
File: /system_logs.logarchive/7A/B4684164E732FA93987DD6B4E50459 -- size: 5335
File: /system_logs.logarchive/8E/2784E2483E3C5689675517AA8447D0 -- size: 32629
File: /system_logs.logarchive/8E/931BA03ACF3C27BE70FA8FAC7C0DDB -- size: 5979
File: /system_logs.logarchive/8E/3A99D3ED3A31469B4CE7ADCB7E630D -- size: 61854
File: /system_logs.logarchive/8E/352B2F0C743909B7A5E7DD0712E4D6 -- size: 99057
File: /system_logs.logarchive/28/F78FCD6E5E36E88B297B5C3182DCD1 -- size: 15455
File: /system_logs.logarchive/1B/8D359EDB1131E59D377C206265D3DB -- size: 1768
File: /system_logs.logarchive/1B/E6CDADBA8833848E49CF4E95144494 -- size: 45994
File: /system_logs.logarchive/17/7936DD8A2A3866A5E10719236A1232 -- size: 6635
File: /system_logs.logarchive/17/C02E3ABDC1336ABA481A2226AF70BE -- size: 18292
File: /system_logs.logarchive/17/1487EF0F213D7F8B4A02831ED4F8E8 -- size: 157
File: /system_logs.logarchive/17/5B327EDF643EA6BD7B5572175CEA87 -- size: 27947
File: /system_logs.logarchive/1E/F7391FB3EF3093BF2392E7785A9FF3 -- size: 766
File: /system_logs.logarchive/1E/22268C432C31709EC974BAE9F5E5A2 -- size: 78571
File: /system_logs.logarchive/10/64C6DEC3B23D01AD95C81558CCDD61 -- size: 33
File: /system_logs.logarchive/10/08F1E3FE653000B22251F8A4324068 -- size: 227880
File: /system_logs.logarchive/10/044F42597A358B81CDFEA457927B40 -- size: 4414
File: /system_logs.logarchive/10/E8B4CC9AB03E23A59629443A227A3B -- size: 1104
File: /system_logs.logarchive/2C/D196FCA11030CEB3D2DE88E48CBA39 -- size: 330
File: /system_logs.logarchive/2C/E0FFFB12C63538BB4D4FB86B04C6EF -- size: 587133
File: /system_logs.logarchive/2C/76B926417D3D64A9D6AC48F29FFC40 -- size: 729
File: /system_logs.logarchive/26/42E74A0BD8360F85014927DF24DE3F -- size: 446
File: /system_logs.logarchive/26/7CED88F12035DB8A9F123A964E9AF3 -- size: 583
File: /system_logs.logarchive/26/DE1594783E3296A936DDFE47E0A71C -- size: 54247
File: /system_logs.logarchive/26/6FB887B65B3CAF87C368A4FCF1BDE6 -- size: 330
File: /system_logs.logarchive/2D/9EFC630D56348DAE28F8215C385678 -- size: 3356778
File: /system_logs.logarchive/21/A34F705C953E1F947636D12FDBC48E -- size: 16139
File: /system_logs.logarchive/21/7B118C98713DD68C5AA79B92E5E7B8 -- size: 11992
File: /system_logs.logarchive/21/1306D39D153B1D924A60A37EF1E466 -- size: 4596
File: /system_logs.logarchive/21/2B2C1D502B3687A2395F43E7A22351 -- size: 3545
File: /system_logs.logarchive/81/DEE121F079396FB453465B2A2A64D7 -- size: 4026
File: /system_logs.logarchive/81/E6DF3970E83C2F872C65DB2C3FAE29 -- size: 3227
File: /system_logs.logarchive/81/BCE5C91FC639B59F34AD6BF9CD1004 -- size: 12894
File: /system_logs.logarchive/81/7C26C31EF63C1EA0C772F3F75C6FB4 -- size: 222
File: /system_logs.logarchive/8D/14F6C38FE33ABBAA3B5DF856887336 -- size: 784
File: /system_logs.logarchive/8D/4D5DE19AD538B7B3757B61EC34FB36 -- size: 26369
File: /system_logs.logarchive/Signpost/0000000000000001.tracev3 -- size: 148120
File: /system_logs.logarchive/86/035926124338939AAC420BD12B40CD -- size: 85174
File: /system_logs.logarchive/86/7DC5AA11A23602A930DD21AF7DB4F0 -- size: 29356
File: /system_logs.logarchive/72/D73E0324A438B096210E466283D936 -- size: 1640
File: /system_logs.logarchive/8C/317372D2473D78BD9AE7BDFD686FDF -- size: 12658
File: /system_logs.logarchive/44/4FF2108A7C31FE88DA5268C834C2D9 -- size: 96391
File: /system_logs.logarchive/44/EBF9A064643CC7A71499A6D8363BAB -- size: 14819
File: /system_logs.logarchive/44/E05DEF6AAF3C1CA2742846E30F9F4D -- size: 2361
File: /system_logs.logarchive/4A/6DFFF1B69F3C28A4618D60132C028E -- size: 93672
File: /system_logs.logarchive/4A/AFB31E261A31A88C0FD2D77796E805 -- size: 7255
File: /system_logs.logarchive/4A/C775D2CEB137F68A9FCE8FF3FF5509 -- size: 13308
File: /system_logs.logarchive/43/28997368B43C878AB4D35DF2B0CE1F -- size: 1713
File: /system_logs.logarchive/43/13F380FE2E3DEC84EEDC8CE3211FB1 -- size: 4321
File: /system_logs.logarchive/logdata.LiveData.tracev3 -- size: 2983672
File: /system_logs.logarchive/88/7B5896ECD63D6AB05C06A6ECDF423A -- size: 12060
File: /system_logs.logarchive/4F/03B9C3D69E37F2B020FB08D05C267F -- size: 1825
File: /system_logs.logarchive/4F/7DEAC850043E339980FED1FEF435D2 -- size: 60445
File: /system_logs.logarchive/4F/B92C52A9B138FDA6B734FE830F0FB0 -- size: 5789
File: /system_logs.logarchive/07/D1BF8ABF5C32689840B098341F0195 -- size: 485
File: /system_logs.logarchive/07/2A2ED8ABDB3DA886191A5DDA112B69 -- size: 1093
File: /system_logs.logarchive/0B/94378ED40C3C3B81C5B91EC88222A9 -- size: 2188
File: /system_logs.logarchive/0B/F08FA25FBD3E4E80EC56F9F6327A07 -- size: 11918
File: /system_logs.logarchive/0B/A5F5B2DECF3576814A9703E6B584C6 -- size: 343
File: /system_logs.logarchive/38/C30E6BBA7C3EDF92F4B74AACABC3D6 -- size: 44084
File: /system_logs.logarchive/38/6FD55FC3C13C5988D82BCAB78EF91C -- size: 4686
File: /system_logs.logarchive/38/71DA43F72037199584FDB048BDBC88 -- size: 7613
File: /system_logs.logarchive/38/A66E5BD94036B3B82E8C58B89250B2 -- size: 213165
File: /system_logs.logarchive/38/11561DEA963366AB0FF4C130FAA4E0 -- size: 133
File: /system_logs.logarchive/00/E31681C0BA3204935C2D92E6C29DCB -- size: 7025
File: /system_logs.logarchive/00/EEDCCF1B673F8A8D414326ABC73E12 -- size: 29511
File: /system_logs.logarchive/00/C6DFE9C1D33BDD821515132091E922 -- size: 1413
File: /system_logs.logarchive/00/8A1CB1E5353250BDA492D0A109708E -- size: 51188
File: /system_logs.logarchive/0E/EB5520055D3103A199EE5F01F1369A -- size: 1375
File: /system_logs.logarchive/0E/E700A808A135B98F779A24F115BEFD -- size: 89633
File: /system_logs.logarchive/0E/1D764E78AC307388687155D336C32C -- size: 1040
File: /system_logs.logarchive/0E/BC4A11F5373871B0483ACF389F0B54 -- size: 64389
File: /system_logs.logarchive/09/C41425A1FF3333A079A164E2798E9A -- size: 61916
File: /system_logs.logarchive/09/7391F6FB6935A29DC8EDBA19E22DDC -- size: 38583
File: /system_logs.logarchive/3C/123FDD4A6B355CA13A1D906DA7AA52 -- size: 164093
File: /system_logs.logarchive/3C/CFB8B794AA3618A2CFED1B6346299F -- size: 105
File: /system_logs.logarchive/3C/E09A9F26A73F4C98EFB418592AA445 -- size: 8690
File: /system_logs.logarchive/31/FEB9B84F303898B2D60F7E95AAE459 -- size: 39102
File: /system_logs.logarchive/31/262797B2DE3CB39612C3CEB2476FC4 -- size: 854
File: /system_logs.logarchive/3D/95DFEDBA163C439121D75AD3455794 -- size: 14254
File: /system_logs.logarchive/3D/0ECC3FBD23343A80FC9A2336027B0F -- size: 1991
File: /system_logs.logarchive/3D/CCE956AFF73F9B9C01B30B90F87C7D -- size: 823
File: /system_logs.logarchive/3D/86CB6A5775341D820C395146910F22 -- size: 287
File: /system_logs.logarchive/3D/8CCF504ED73F2A808728731B57304F -- size: 838
File: /system_logs.logarchive/9D/B16F2DCDF03A8888DCFE210791DE04 -- size: 5544
File: /system_logs.logarchive/9D/2B78CD73B63D519ABD448F785851AA -- size: 220796
File: /system_logs.logarchive/9D/FEEC4FAFEB3A3C94AB48D4EA1130A2 -- size: 33130
File: /system_logs.logarchive/91/E79CA41B8C3F99ADBAF3E5836D6753 -- size: 72
File: /system_logs.logarchive/65/56B86B27883A1B9C5A25AA4BC3DAA7 -- size: 357
File: /system_logs.logarchive/65/74135FA1C137B1B39BA48DB2467782 -- size: 5748
File: /system_logs.logarchive/65/4D06B88F47321FA5AEF48140CAA135 -- size: 51
File: /system_logs.logarchive/65/5B2A63616E3722BBF42D5C216AC5A4 -- size: 756856
File: /system_logs.logarchive/9C/D8813669923219AEA4B96B79167A62 -- size: 12909
File: /system_logs.logarchive/9C/7E5EEBCEDF324CB81954A918180745 -- size: 49472
File: /system_logs.logarchive/62/03D3EEF3DD3BB782332C591A6E2514 -- size: 185145
File: /system_logs.logarchive/96/29CE84E5F0305FBDF071DEFEDB71AC -- size: 26273
File: /system_logs.logarchive/96/1B9FF767603FFB941B617637962837 -- size: 600
File: /system_logs.logarchive/96/CDC95A362B3BD4B1FA74EFA521C8D9 -- size: 3559
File: /system_logs.logarchive/54/026C3049A13CDABBB7CE8AC5C7FDC3 -- size: 7246
File: /system_logs.logarchive/54/6638DCE3013E049FA01FD41580B961 -- size: 23848
File: /system_logs.logarchive/54/9EC0C7C5D33933AF630C14574CD7BF -- size: 26345
File: /system_logs.logarchive/5F/AEC67482CA37D6AF85D3DD429160C5 -- size: 35
File: /system_logs.logarchive/5F/A0B9DF9EFE3EF4BC33FB3C2EE87046 -- size: 2631
File: /system_logs.logarchive/5F/CCCCD855483964B678472FD65DF8EB -- size: 1261
File: /system_logs.logarchive/5F/DA198A287E3E449EEE3CADCCAA1154 -- size: 48796
File: /system_logs.logarchive/5F/12D2AD290A3C9C9036F8C4836866DF -- size: 185
File: /system_logs.logarchive/98/8520FFB4A23A28B4449E8B87A27243 -- size: 17788
File: /system_logs.logarchive/98/A69C33EAA5334B9E42D809977C11B5 -- size: 6032
File: /system_logs.logarchive/53/1E9CF82A9134559FCE7C641E07E40A -- size: 332918
File: /system_logs.logarchive/53/5BFBEF58E13544B0A4464883C970BB -- size: 1906
File: /system_logs.logarchive/53/83D2E20C833B8C9E8613F9C8E02608 -- size: 4350
File: /system_logs.logarchive/30/3B2E4C12D93EE7979FD79B136F8982 -- size: 2371
File: /system_logs.logarchive/30/47BFF698213B43BE2CCD1B5F905631 -- size: 6756
File: /system_logs.logarchive/30/70EBB5980335988EEDEA461FDD6108 -- size: 7772
File: /system_logs.logarchive/3E/2AF01ED8AE3F5EB71758831BD8B6BE -- size: 35334
File: /system_logs.logarchive/3E/708E3DBF3630088E80B9A01BE387E1 -- size: 1814
File: /system_logs.logarchive/3E/5329D6D00336C087B995B97A183C08 -- size: 267
File: /system_logs.logarchive/3E/00C685C5F53E19931F6536C3252B78 -- size: 323787
File: /system_logs.logarchive/3E/05598C2C2F378EA86677C97CC0F5DF -- size: 1131
File: /system_logs.logarchive/37/7CE28948C634FA96EBDF65486CA747 -- size: 711
File: /system_logs.logarchive/37/1A65EDB3A23B319BF48E38DA08BD0C -- size: 63998
File: /system_logs.logarchive/3B/B6B38C0B80347D9BCD823DD525E4D1 -- size: 411
File: /system_logs.logarchive/3B/86934225A23832A3765C1DDF10FDEB -- size: 4876
File: /system_logs.logarchive/3B/35F020AA9D3F5B805EE8665C77C0D0 -- size: 91638
File: /system_logs.logarchive/08/E62CABBC8430F4B6F1351F6298A34B -- size: 1224
File: /system_logs.logarchive/08/407D44B9113F62B429D49A7C978335 -- size: 2260
File: /system_logs.logarchive/08/7711ACC154335EAFF2EA57CBA33BA6 -- size: 1584
File: /system_logs.logarchive/0D/A5294C36B73E18901F4DEEB06187C3 -- size: 3894
File: /system_logs.logarchive/0D/3AF2B5794032E180ED30543588D3AD -- size: 1007
File: /system_logs.logarchive/06/ACF731B02C3247A8AA442B32BB723F -- size: 210
File: /system_logs.logarchive/39/AF0D5BECE631E9B0891D63C9AB1E7E -- size: 76946
File: /system_logs.logarchive/39/8E3D111BD531C994236EC748ECC574 -- size: 1083
File: /system_logs.logarchive/0C/47CDC7885C37A5A7892716E1C8D573 -- size: 89830
File: /system_logs.logarchive/0C/4E400B3A6C301F845153E92D775FCF -- size: 4632
File: /system_logs.logarchive/99/E4D246B2A83E788B60F78A755228B8 -- size: 567979
File: /system_logs.logarchive/99/17F2D093AF3BCCADA9C47CFCF77FEA -- size: 508
File: /system_logs.logarchive/99/63CB430433360389FC60A2D05A3DBB -- size: 180
File: /system_logs.logarchive/99/80CEE05ECB345DAE4789A520BEC7AA -- size: 3280
File: /system_logs.logarchive/99/0C2440BC8C38BDB0169D384AD7062A -- size: 1141
File: /system_logs.logarchive/52/46CFD6E7D43910B9E5FB1C431B05D9 -- size: 510
File: /system_logs.logarchive/52/0F96BC3240390283389967E12DE6A9 -- size: 9215
File: /system_logs.logarchive/52/D67AD5AE1735B8941F8DC978F3410F -- size: 275
File: /system_logs.logarchive/52/F6D4A68D863783964C66EBD56AC3BF -- size: 13215
File: /system_logs.logarchive/52/8EEF113AA93A9BB3CBEE0DE620C2ED -- size: 190
File: /system_logs.logarchive/52/EE905E2AB83A5F99211C7A73495C1F -- size: 411
File: /system_logs.logarchive/52/C6383CF1943834A79DDFE1018182D4 -- size: 297288
File: /system_logs.logarchive/52/BE9FCF13E53F1596B34E3C592F24FF -- size: 702
File: /system_logs.logarchive/55/56FDC158183224B90ED91F674454E5 -- size: 485
File: /system_logs.logarchive/55/8AA6680DA134E28E8038161B1C80BF -- size: 34496
File: /system_logs.logarchive/55/758BD35C263818B8FBE3429D9D7C72 -- size: 276058
File: /system_logs.logarchive/6F/9AD6C082823843A851182982E77E82 -- size: 92269
File: /system_logs.logarchive/6F/DECEFF3B0A35AAA8EED89E7EA6FCF0 -- size: 1655
File: /system_logs.logarchive/9B/5849ACD71E33A882F6C52AA22C2D84 -- size: 1332
File: /system_logs.logarchive/9B/34E0B858B3373A966E965D2FB9B395 -- size: 2154
File: /system_logs.logarchive/97/55B2038A2E353EB3482E32C0B602A4 -- size: 15852
File: /system_logs.logarchive/97/424CD948A9393DA7AACAC630720C51 -- size: 96
File: /system_logs.logarchive/63/BD42E43E663ECBACCBB82E3D22CE67 -- size: 8053
File: /system_logs.logarchive/63/85078A255C3321AED4DFFC8674A572 -- size: 210
File: /system_logs.logarchive/63/EB7F54ADC5342BA23E2C6229649580 -- size: 3989
File: /system_logs.logarchive/63/D03DCC8F843EB6AE85E40E66F1CFFD -- size: 23293
File: /system_logs.logarchive/63/53E747BDC93E048F21EB069C4678BC -- size: 6941
File: /system_logs.logarchive/Special/0000000000000006.tracev3 -- size: 1948096
File: /system_logs.logarchive/Special/0000000000000007.tracev3 -- size: 467784
File: /system_logs.logarchive/Special/0000000000000005.tracev3 -- size: 2089896
File: /system_logs.logarchive/Special/0000000000000004.tracev3 -- size: 2094096
File: /system_logs.logarchive/Special/0000000000000008.tracev3 -- size: 2087256
File: /system_logs.logarchive/Special/000000000000000a.tracev3 -- size: 1226360
File: /system_logs.logarchive/Special/0000000000000001.tracev3 -- size: 1180696
File: /system_logs.logarchive/Special/0000000000000009.tracev3 -- size: 785640
File: /system_logs.logarchive/Special/0000000000000002.tracev3 -- size: 651808
File: /system_logs.logarchive/Special/0000000000000003.tracev3 -- size: 2097232
File: /system_logs.logarchive/6A/EA391CA68234F6B8610BF26B4E98B9 -- size: 19975
File: /system_logs.logarchive/6A/BC54757A2734DAB645F1922905945D -- size: 2939578
File: /system_logs.logarchive/6A/99FB1A68C13CD8A7922A973BD1EA69 -- size: 33098
File: /system_logs.logarchive/64/6B3FAE7AE6342081C30A245CEB297D -- size: 33074
File: /system_logs.logarchive/90/3849D973AF3451A8F1A0213813C82E -- size: 61193
File: /system_logs.logarchive/90/D7C348F908353B8A19BAC527B70582 -- size: 5014
File: /system_logs.logarchive/90/A8D7F1D38B3483B6862B22E3FD20B2 -- size: 132685
File: /system_logs.logarchive/Info.plist -- size: 3038
File: /system_logs.logarchive/D3/305F07944A3A04B64C036053592F23 -- size: 1701
File: /system_logs.logarchive/D3/73D43BFFC53C35B26F29E4FF024F2E -- size: 23810
File: /system_logs.logarchive/D3/C711F1DCEF30F5B0A3C4726B1768B2 -- size: 36375
File: /system_logs.logarchive/D3/999D08AB023DD3B7D8EE21BFB66112 -- size: 50271
File: /system_logs.logarchive/DF/32AA0FCD5438E6A4DA337489716AFC -- size: 20531
File: /system_logs.logarchive/DF/A874C65D2D32478DA8DE87FF6246B2 -- size: 92065
File: /system_logs.logarchive/D4/06225CF5FE398590F6E96A0F19FF42 -- size: 10522
File: /system_logs.logarchive/D4/2947FF539839BB89A049B61A180D57 -- size: 22344
File: /system_logs.logarchive/DA/722BA5AFEF394F9FA5DBD5A387D874 -- size: 60681
File: /system_logs.logarchive/DA/908C9B94633622BED0955A715F495C -- size: 47318
File: /system_logs.logarchive/AE/E3047E03F6377FA9863DC2CCF61A4E -- size: 23399
File: /system_logs.logarchive/AE/3D559CE2093C409E675037E4A96FA1 -- size: 2307
File: /system_logs.logarchive/AB/DC3AB34AA03B2CBC02381F18404D90 -- size: 24295
File: /system_logs.logarchive/B8/5C8A32637635C1A4A7E11D77D29F2E -- size: 66232
File: /system_logs.logarchive/A7/C9BF782B2F3402A177BCA9BE9BBA73 -- size: 10555
File: /system_logs.logarchive/A7/92EB6145BE32B596E7A731FC5C8173 -- size: 31219
File: /system_logs.logarchive/A7/7A1F9505AD3AE39DD9D3063873008B -- size: 52863
File: /system_logs.logarchive/A7/79288AD6513BCFBAC6CE2ED3330A36 -- size: 485
File: /system_logs.logarchive/BD/191EC3D67A30639E9AEB95F800AF1A -- size: 330
File: /system_logs.logarchive/timesync/0000000000000002.timesync -- size: 8128
File: /system_logs.logarchive/B1/30C1068570358ABB35CF018EFAAF55 -- size: 838
File: /system_logs.logarchive/B1/BFEADBF81D39479D92547A2F7E704C -- size: 69788
File: /system_logs.logarchive/B1/11126C0FF3390BA639970BECBF3497 -- size: 1377
File: /system_logs.logarchive/B1/3D4D0CA7193FAD93CD40F90ED420D0 -- size: 3807
File: /system_logs.logarchive/A9/008CA600843CEAA66FB643B68F0649 -- size: 48
File: /system_logs.logarchive/BC/6F97CFEBA437A9A29DC0540080C4B6 -- size: 251
File: /system_logs.logarchive/BC/CAECC4F5863FF6AC03D0EBDF6D4914 -- size: 5792
File: /system_logs.logarchive/BC/FCD70AB24932F39EB51177FAE98175 -- size: 812
File: /system_logs.logarchive/BC/6AE47143CF3217A8069E84F650ACC3 -- size: 59854
File: /system_logs.logarchive/BC/1AF35DEC283BE3B1BC5A0813FF199C -- size: 1769
File: /system_logs.logarchive/BC/5B106BD0B03B89968BC69494CE7A97 -- size: 13865
File: /system_logs.logarchive/BC/1B8B6C41FD3284B501A5BD9CDA2E7E -- size: 278
File: /system_logs.logarchive/B6/712AA875ED3F9E98FE853E24108780 -- size: 221
File: /system_logs.logarchive/B6/0B537BDB083FF8AD0998016EFB39B0 -- size: 34813
File: /system_logs.logarchive/B6/46959AB5483F9B824781438E582B08 -- size: 173372
File: /system_logs.logarchive/B6/F9B72E68153DC7AE4D18CCC1036EE6 -- size: 14311
File: /system_logs.logarchive/B6/A46A32E82632D9AA11A51506D730F9 -- size: 28134
File: /system_logs.logarchive/D5/9AB3ECE68033B6AF99499DACF8A2AD -- size: 924
File: /system_logs.logarchive/D5/C29A71A3623F2E91EC0A15F5167AF1 -- size: 1050
File: /system_logs.logarchive/D2/AAF28B583D333DA7C60BD085955500 -- size: 4129
File: /system_logs.logarchive/D2/93D15AFD6D3C30A6AD3479D435C22D -- size: 747
File: /system_logs.logarchive/D2/A74A8508633F77B86B97D700C2E8F3 -- size: 27321
File: /system_logs.logarchive/BB/478C0AD8F634F6A628A1E069C23066 -- size: 8415
File: /system_logs.logarchive/A8/E2A669B82C37389D1B17F8AF45BA38 -- size: 1327
File: /system_logs.logarchive/A8/B449FC68FA3F97A56FE806BC58EEF0 -- size: 459965
File: /system_logs.logarchive/B7/AFF37394C337B586C8528111C4ACB7 -- size: 175
File: /system_logs.logarchive/B7/CDB6DE4403377A9338D09109F2B6C3 -- size: 49524
File: /system_logs.logarchive/B0/F034AB02523FB6899DAFA70ABA8A9B -- size: 4094
File: /system_logs.logarchive/B0/9FA464010F372ABA3DBEE62A122BCA -- size: 598
File: /system_logs.logarchive/B9/EEF81C26493E0AA2ED5D254684997A -- size: 401
File: /system_logs.logarchive/AC/D95EF6BE62336EB12BAC73737FC734 -- size: 3545
File: /system_logs.logarchive/AD/23A9664893309F803A0540A2228E43 -- size: 759
File: /system_logs.logarchive/AD/06633E89E336A08024C4BC5A7A0BB7 -- size: 41168
File: /system_logs.logarchive/A1/6CC2275383319185915B3F08B4AB10 -- size: 9062
File: /system_logs.logarchive/A1/99C30FEE2E387E92888A5AAC4B01C3 -- size: 2264
File: /system_logs.logarchive/C3/9CEBAE72103ECDA3F7A4E54BABFAE5 -- size: 1651
File: /system_logs.logarchive/C3/E36DE4993F388296E5BD328D84CCA8 -- size: 390200
File: /system_logs.logarchive/C3/EB45D686853F6C83DCB52822A3F8B3 -- size: 8138
File: /system_logs.logarchive/C3/FB202CF2FC38379F968A74BA4C1A99 -- size: 22119
File: /system_logs.logarchive/C3/7A7694BC42395C9EF647BB4C5CF47E -- size: 6412
File: /system_logs.logarchive/CF/CE5912AFE039C8A459B6BECF792AF2 -- size: 6064
File: /system_logs.logarchive/CF/C9DA17CD2B34EBACD8AFE19F6CA8A7 -- size: 228
File: /system_logs.logarchive/CF/AEA28D4C7333CD887A85956733C3F5 -- size: 72
File: /system_logs.logarchive/Extra/shutdown.log -- size: 35683
File: /system_logs.logarchive/Extra/logdata.statistics.0.txt -- size: 392700
File: /system_logs.logarchive/Extra/version.plist -- size: 466
File: /system_logs.logarchive/C4/49F0BE22943992AA8D57DFFDAEE27C -- size: 58090
File: /system_logs.logarchive/CA/DE3C3E4AEF308FAA569F33E112614F -- size: 182223
File: /system_logs.logarchive/CA/E0D8442DF73A189C2F13BF922B4BC6 -- size: 8354
File: /system_logs.logarchive/CA/C1F054CA01321594B9A579E16E90C6 -- size: 4865
File: /system_logs.logarchive/CA/EB46E3C68433B699B7B9150E408E51 -- size: 1319
File: /system_logs.logarchive/CA/6E70571EB73523A548F5FCDC7DFA68 -- size: 7026
File: /system_logs.logarchive/CA/3C3D666AEF31A6A549FE4383BD4BEF -- size: 4489
File: /system_logs.logarchive/ED/EE8565A4793DEB81E3C0B4FB9CDEB7 -- size: 35689
File: /system_logs.logarchive/ED/1E0BA02AF93719B27FD270DFFA4DE6 -- size: 19468
File: /system_logs.logarchive/E1/FA95757C8734D1A94AC6EE587E6F69 -- size: 15665
File: /system_logs.logarchive/E1/FC8CDF3FAF38E7972B81C353E64376 -- size: 620684
File: /system_logs.logarchive/E1/DCBFA3A915384BA3826ED265D43847 -- size: 582
File: /system_logs.logarchive/E1/63C2E5A6EC310C8F5C9731D1189AAF -- size: 54050
File: /system_logs.logarchive/F9/2ABFE920FB30F29D2DDD72D49BB94D -- size: 5047
File: /system_logs.logarchive/F9/070107B5013265ABD8282D5BA73AAB -- size: 692
File: /system_logs.logarchive/EC/BC9CCC4553353391D0DAA5C3229C3D -- size: 122591
File: /system_logs.logarchive/EC/3803EEAF773AF1BB57A9C8C0595608 -- size: 605
File: /system_logs.logarchive/E6/3893E5123E364684CC769FFED8F7DD -- size: 19366
File: /system_logs.logarchive/E6/26E4E21CC93D7AA418D20AAB86D102 -- size: 9544
File: /system_logs.logarchive/E6/820EF8DC2C3CB39D76CAD561B6C54B -- size: 2791
File: /system_logs.logarchive/E6/8665B4095232BD9943981504ABAD73 -- size: 9590
File: /system_logs.logarchive/E6/3FBE4F6A8C33DAB74E63DF17EDEB8D -- size: 42399
File: /system_logs.logarchive/E6/3AB0F7AFAE341B991C465528ABC16D -- size: 10874
File: /system_logs.logarchive/FE/54243F2D8D3024BB69EE3ABF0C375C -- size: 58340
File: /system_logs.logarchive/FE/5FF5A609943018AD23B82154171E46 -- size: 2114
File: /system_logs.logarchive/FE/4AA80F504033F9898EAD7674E0B924 -- size: 1387
File: /system_logs.logarchive/FE/C38569145C3CB9BFB1F03F2D465898 -- size: 4166
File: /system_logs.logarchive/F0/B49CEB6BA633E38A3FEA83C10CFA2E -- size: 19589
File: /system_logs.logarchive/F0/16B4C6D6823B8587381A60145A801E -- size: 16267
File: /system_logs.logarchive/FB/21A55530CE39B9B33F26C6776E1F47 -- size: 664958
File: /system_logs.logarchive/FB/2369A90F5B33B5B4F425E33780687C -- size: 1268
File: /system_logs.logarchive/E8/E375E12FF03F9C8FB7D92DA7666723 -- size: 142295
File: /system_logs.logarchive/F7/874B11CD153736B70DC541BF9A446F -- size: 508
File: /system_logs.logarchive/F7/EA4BB2D14B32CFB4BAA6E8E95537A8 -- size: 29574
File: /system_logs.logarchive/C5/381720B85238719E8E32BD800005A9 -- size: 1443
File: /system_logs.logarchive/C5/ECDFC0B41A365C9BD66E2CC074FD85 -- size: 31036
File: /system_logs.logarchive/C5/89B9B22AA43B498CDC02D78C0273B7 -- size: 428
File: /system_logs.logarchive/C5/D4CFAD7D843F0795CD46D5276AC2A6 -- size: 3078
File: /system_logs.logarchive/C5/8ADD88B5633123BBBA8C9FD6C0311A -- size: 721
File: /system_logs.logarchive/C5/B5494BB9493047BA9BFA66E536F354 -- size: 2846
File: /system_logs.logarchive/C2/9624E7AE7D344EB038CA937B9B380E -- size: 846
File: /system_logs.logarchive/C2/F434222CE53069A685408D1D172A76 -- size: 8289
File: /system_logs.logarchive/C2/B3930F5DC33FBEAF670E12E184AB16 -- size: 246072
File: /system_logs.logarchive/C2/7336B1A0DC346D892C757B2D520F25 -- size: 1673
File: /system_logs.logarchive/C2/2DA9CB9C073537B1E35F2F932B7C5A -- size: 1949
File: /system_logs.logarchive/E9/815212ABDA32A6AA9E1D984D06B34A -- size: 93542
File: /system_logs.logarchive/E9/A391DAA2DB3721863D51EB859013CA -- size: 1377
File: /system_logs.logarchive/E9/FEC710F89534A1951B3F6EB7AE8DCE -- size: 190
File: /system_logs.logarchive/FC/23ED657B65388291E8C8AC8EFD5025 -- size: 7120
File: /system_logs.logarchive/FC/A206DA39F6320F8C4753D666D59EC5 -- size: 7960
File: /system_logs.logarchive/F6/0CF5CDB0593160B9093CC5CB136189 -- size: 51372
File: /system_logs.logarchive/F6/831DD8FE49300FB8B2CDB12AA41B5E -- size: 1597
File: /system_logs.logarchive/F6/B0C7719ABB3A36B5847897532C2A30 -- size: 605
File: /system_logs.logarchive/FD/8EA34DF87933A58F51286DDB8E57D4 -- size: 7772
File: /system_logs.logarchive/FD/52A1D8B9533A37A24F7D5F2B09C76C -- size: 3148
File: /system_logs.logarchive/FD/6EFAD1C71B36E39CC508C92CD2C580 -- size: 31459
File: /system_logs.logarchive/FD/9C1226415F35979913E8D59D5CA550 -- size: 32298
File: /system_logs.logarchive/FD/32BC1B0B5636F99D7A82D72AEF28B9 -- size: 27411
File: /system_logs.logarchive/F1/DE8C4F918E306FB650ABE2B1002C7E -- size: 3350
File: /system_logs.logarchive/F1/3976B01A2A39FB98F003AEDA821A52 -- size: 5688
File: /system_logs.logarchive/F1/A4663F741D3359BE62818DF4C4DD3C -- size: 5815
File: /system_logs.logarchive/EB/BCB7F8C52E31B4B0F7D785B156813D -- size: 28368
File: /system_logs.logarchive/EB/CED898ABF93F0199109F653A5B630E -- size: 1112
File: /system_logs.logarchive/F8/D12A6C54A7367C836F432D09A800A5 -- size: 13288
File: /system_logs.logarchive/E7/2895207048385DB2520668DB8D46C6 -- size: 9327
File: /system_logs.logarchive/E7/8C71976972378CAFC9241C1AB5D31D -- size: 22993
File: /system_logs.logarchive/E7/DF055ADF9A34E3ABAE68A5E761F604 -- size: 2114
File: /system_logs.logarchive/EE/C58045FF9132BC9708CEBF76212044 -- size: 16733
File: /system_logs.logarchive/EE/101BE967B9346E823971066F77E4B7 -- size: 4883
File: /system_logs.logarchive/E0/FB7591B4563AF19F026C9BE18FE504 -- size: 548145
File: /system_logs.logarchive/46/7C3B1E8EBB3DDDA547B077A7CDA275 -- size: 16786
File: /system_logs.logarchive/46/827B2948E73ADA95F58790A533835C -- size: 4501
File: /system_logs.logarchive/46/3DF627DAC83F1DA73630564BA0422C -- size: 32484
File: /system_logs.logarchive/46/D5650CCD293A748D6DC3CAA9A398F7 -- size: 9806
File: /system_logs.logarchive/46/4A103A2698308080FF7B00C1DC9AF2 -- size: 157
File: /system_logs.logarchive/79/332D6E43813CCF85C4572AB981A734 -- size: 2985
File: /system_logs.logarchive/79/3C5D51C99E32FD8F2C9071458469AA -- size: 101056
File: /system_logs.logarchive/79/33396DAB593428A0C5811E9C3767B9 -- size: 13604
File: /system_logs.logarchive/79/77DF6EEEB93AA89E412FE22047CFF0 -- size: 59489
File: /system_logs.logarchive/4C/9164D937D23257A3ECE6BCB3149B6E -- size: 4818
File: /system_logs.logarchive/4C/50308683BD335D8861992957718D67 -- size: 17982
File: /system_logs.logarchive/4C/4952D56F963A4494366629ACDB8C1C -- size: 629
File: /system_logs.logarchive/41/8046F4171D3061BB079834DD61B7B8 -- size: 14662
File: /system_logs.logarchive/41/AC3DC563D233A6873C7CECC79533DD -- size: 14994
File: /system_logs.logarchive/83/AAA5E9FD1237BCB8DB1BD2EBF88C45 -- size: 9174
File: /system_logs.logarchive/77/865B3C536C35B78E777B8D46CB6E51 -- size: 4129
File: /system_logs.logarchive/77/1093E3F87C3D0799127F21BCA64AF9 -- size: 1388
File: /system_logs.logarchive/77/0BA4D2B0D2399ABFCB313026A56A7E -- size: 10803
File: /system_logs.logarchive/7B/07632139F13B80ADFA5E2CE5BB6B73 -- size: 17951
File: /system_logs.logarchive/7B/A3F6D710F03636A88CD42C6B9E17F4 -- size: 11770
File: /system_logs.logarchive/7B/2E0E50C0AC36ABBFC284C571C1F746 -- size: 17091
File: /system_logs.logarchive/48/CD5EABA2CC3CDCBC29B123AC9DCDD0 -- size: 59512
File: /system_logs.logarchive/48/5A3E5359E73BE5A7F83D3BC9D3165A -- size: 5603
File: /system_logs.logarchive/48/74BE1DF8AC3A6C9848316838277362 -- size: 1685
File: /system_logs.logarchive/8F/485624D26535B3897A81379954FB76 -- size: 47372
File: /system_logs.logarchive/8F/600CD09F14320098A3CB0A8E3A5B69 -- size: 26923
File: /system_logs.logarchive/8F/E34A7430093BB9894238EB372F2955 -- size: 577
File: /system_logs.logarchive/8F/1AC573029234FFB778F830779D64E6 -- size: 8205
File: /system_logs.logarchive/70/6F4F11E2553B8F98E2E9D405FBB051 -- size: 12166
File: /system_logs.logarchive/84/6AF080FD7A32F088DD9D251F0DBAC3 -- size: 2662
File: /system_logs.logarchive/84/82B7FC5670320A94A45434FCA4268D -- size: 858
File: /system_logs.logarchive/8A/3B83F821FB3F6E804A5C2E1FF52A61 -- size: 7156
File: /system_logs.logarchive/7E/48C4ECF401338794039C3C6C2B2D0F -- size: 38787
File: /system_logs.logarchive/7E/C6197520203DDF905E73A720EA5BE1 -- size: 112468
File: /system_logs.logarchive/2A/9E982407BA34D59E88F31B12939068 -- size: 1900
File: /system_logs.logarchive/2A/FA9BE986C73B599D6CBB0C8F06EA0E -- size: 23921
File: /system_logs.logarchive/24/E136F3E52F372BA02F82D3CE868915 -- size: 7669
File: /system_logs.logarchive/2F/A6B73F1B34300B854CCF7D1154D9E5 -- size: 91593
File: /system_logs.logarchive/2F/5F880999FB3A50BB2244DAF7F6B266 -- size: 1601
File: /system_logs.logarchive/2F/64292E32F330348488529DEB58F8B7 -- size: 15549
File: /system_logs.logarchive/2F/5689266CB433659D684E68EC8A247A -- size: 445
File: /system_logs.logarchive/23/06A4A6F8783D48B20818AC1D1D2A69 -- size: 1746
File: /system_logs.logarchive/23/10A8967C1632ED89EE637D91401B1B -- size: 132911
File: /system_logs.logarchive/15/A3C6E960C03551A75BF9BF6011F4E6 -- size: 2141
File: /system_logs.logarchive/15/A5ED9E6E7939F8B8B3E9CCF5A93E58 -- size: 16684
File: /system_logs.logarchive/15/DA0432983A363780D7BB21A7936D6C -- size: 39
File: /system_logs.logarchive/15/1382074D153394BA55CE7DF0866716 -- size: 2447
File: /system_logs.logarchive/85/B1EAC2D1E4395394639C5E9EE1E866 -- size: 24021
File: /system_logs.logarchive/85/31312EC0D93F50A3C9AC1D9E84E866 -- size: 556
File: /system_logs.logarchive/85/189CAB4DC13F828153893B8EF3B1D8 -- size: 15133
File: /system_logs.logarchive/85/07DB8A4297323488708980C4BBE6BF -- size: 5817
File: /system_logs.logarchive/85/42C1C5A71E3D42B47F52903E6C233D -- size: 5477
File: /system_logs.logarchive/85/3D54C79E283274A48E274CB697375B -- size: 17838
File: /system_logs.logarchive/7D/54F1864F673B90B6940B4518A1D785 -- size: 4233
File: /system_logs.logarchive/7D/7C374B53F535999E3A60F164086596 -- size: 8055
File: /system_logs.logarchive/76/E9FCEB89993D2F8589F9C5A6CA7042 -- size: 2402
File: /system_logs.logarchive/82/E742BBF3AF34D7B6F1DFF4235E194E -- size: 11302
File: /system_logs.logarchive/82/D31803457936F9B801622F3947367F -- size: 144948
File: /system_logs.logarchive/82/43612D71CF3E36AC402FBF4F3F94D1 -- size: 1005
File: /system_logs.logarchive/49/A78D2ABA73301482A421C154A2CA9E -- size: 107
File: /system_logs.logarchive/49/295F2764C03360A98BCF4AD2FF2459 -- size: 906
File: /system_logs.logarchive/49/D6AF23259B36C0BCBB43D80233E592 -- size: 34477
File: /system_logs.logarchive/7C/D1DDFBE19F321EA5817DF44B9FC4A9 -- size: 4531
File: /system_logs.logarchive/7C/ED9CDCF9483D06A62D758FE625A842 -- size: 144997
File: /system_logs.logarchive/7C/138D8C5D503ECE862E8836483A5D6A -- size: 85988
File: /system_logs.logarchive/7C/9EACF21D423E40867F31FF54541FCC -- size: 21003
File: /system_logs.logarchive/40/00077422C837718BEBBFEBCD1E3F0B -- size: 14811
File: /system_logs.logarchive/4E/E873878C683AB8941B20D20E249C95 -- size: 2909
File: /system_logs.logarchive/4E/9F350494F73ACE8F51FE0DF8870B73 -- size: 39539
File: /system_logs.logarchive/47/EFDB157203345087C2B7A60FD8D41A -- size: 709
File: /system_logs.logarchive/47/22816EEF5235BBB603811BB18821B9 -- size: 27763
File: /system_logs.logarchive/4B/777144F5D73EBEA600A76E1870C5FD -- size: 3880
File: /system_logs.logarchive/4B/1F9231CA5032649C598725FBB5C5AF -- size: 57
File: /system_logs.logarchive/78/4A7B67A96738F5A0F26189BA1ABB16 -- size: 10099
File: /system_logs.logarchive/1F/4635800314309B90C36AE4829E04F4 -- size: 33438
File: /system_logs.logarchive/1F/5D5EC754C035DCBEC87134F7830CF0 -- size: 747
File: /system_logs.logarchive/Persist/0000000000000029.tracev3 -- size: 10472688
File: /system_logs.logarchive/Persist/0000000000000030.tracev3 -- size: 6848312
File: /system_logs.logarchive/Persist/000000000000002a.tracev3 -- size: 10481688
File: /system_logs.logarchive/Persist/0000000000000031.tracev3 -- size: 8032480
File: /system_logs.logarchive/Persist/0000000000000028.tracev3 -- size: 10485392
File: /system_logs.logarchive/Persist/000000000000002c.tracev3 -- size: 10483824
File: /system_logs.logarchive/Persist/000000000000002b.tracev3 -- size: 10481464
File: /system_logs.logarchive/Persist/0000000000000027.tracev3 -- size: 10475456
File: /system_logs.logarchive/Persist/000000000000002f.tracev3 -- size: 10476992
File: /system_logs.logarchive/Persist/000000000000002d.tracev3 -- size: 10475704
File: /system_logs.logarchive/Persist/000000000000002e.tracev3 -- size: 10482488
File: /system_logs.logarchive/13/36F147D14A31C1A292C44289CAED3A -- size: 953
File: /system_logs.logarchive/13/CE6DC80D493DCC9109A05D4FACD3EB -- size: 935
File: /system_logs.logarchive/13/B9501668C630828319C3D1DE998487 -- size: 50753
File: /system_logs.logarchive/1A/89A748A7FB3717BE955DCE9D93BC25 -- size: 248
File: /system_logs.logarchive/1A/27D646999735BBB727B69B34EA89E9 -- size: 1471
File: /system_logs.logarchive/1A/655CF0F6D13FE4A7ED6A1195E13070 -- size: 49343
File: /system_logs.logarchive/1A/BCBC490292321F8A931892A25D9356 -- size: 11615
File: /system_logs.logarchive/14/4DF54352B53D748608C2ADEDC19205 -- size: 32137
File: /system_logs.logarchive/14/E1DD628E3A351394B47C7FF953C7F7 -- size: 41861
File: /system_logs.logarchive/14/C0DE5D87EF3D22BB12DCE9C57B1AFD -- size: 12034
File: /system_logs.logarchive/dsc/47BE1EAA60CA2AA41CDC7DF3481D1153 -- size: 2991022
File: /system_logs.logarchive/dsc/3F1A1801A18036D4AF97EA25553663F7 -- size: 51395616
File: /system_logs.logarchive/dsc/22A36076CE313ECDB8882E92562FA688 -- size: 44930450
File: /system_logs.logarchive/22/52442C85103175AF41E2D39AF00868 -- size: 29149
File: /system_logs.logarchive/22/77D9D2D7013A1E9CB4C48FDB73E9FF -- size: 24848
File: /system_logs.logarchive/22/71D320DE563938BC74C58A2386F9CF -- size: 930
File: /system_logs.logarchive/22/3600DE2BBD3517B9C0BEC70343CCA7 -- size: 46097
File: /system_logs.logarchive/22/5ADF05FBDF3FC794D092D915E16581 -- size: 6510
File: /system_logs.logarchive/25/CDF4E2313E3BEBB392DF4895DC60FB -- size: 976
File: /system_logs.logarchive/25/8E6205FBE13EA08A052462B1D17A07 -- size: 927
File: /system_logs.logarchive/25/25E5F555273BAF91A3326C6819B550 -- size: 101332
File: /crashes_and_spins/stacks-2018-11-28-121054.374.ips -- size: 535170
File: /crashes_and_spins/stacks-2018-11-28-121054.ips -- size: 523892
