
APPLYING PREDICATE (null)

ENFORCING SIZE LIMIT OF 5 MB
/var/mobile/Library/Caches/com.apple.keyboards/images/766644667359909014331515974437853778, Added
/var/mobile/Library/Caches/com.apple.keyboards/images/7666446673599090468852353123506722, Added
/var/mobile/Library/Caches/com.apple.keyboards/images/766644667359909010346529381522178678, Added
/var/mobile/Library/Caches/com.apple.keyboards/images/766644667359909010346529381522211447, Added
/var/mobile/Library/Caches/com.apple.keyboards/images/76664466735990903673235066222553441, Added
/var/mobile/Library/Caches/com.apple.keyboards/images/76664466735990908676265135856546438, Added
/var/mobile/Library/Caches/com.apple.keyboards/images/766644667359909017107545498430358999, Added
/var/mobile/Library/Caches/com.apple.keyboards/images/766644667359909017107545498430363096, Added
/var/mobile/Library/Caches/com.apple.keyboards/images/766644667359909011556623339276985505, Added
/var/mobile/Library/Caches/com.apple.keyboards/images/76664466735990906681827594646025738, Added
/var/mobile/Library/Caches/com.apple.keyboards/images/766644667359909017541474350624159419, Added
/var/mobile/Library/Caches/com.apple.keyboards/images/766644667359909014024175521646278224, Added
/var/mobile/Library/Caches/com.apple.keyboards/images/766644667359909014024175521646802513, Added
/var/mobile/Library/Caches/com.apple.keyboards/images/7666446673599090192470515562568470, Added
/var/mobile/Library/Caches/com.apple.keyboards/images/7666446673599090192470515562830615, Added
/var/mobile/Library/Caches/com.apple.keyboards/images/766644667359909013023085665371146919, Added
/var/mobile/Library/Caches/com.apple.keyboards/images/76664466735990907148041342980066316, Added
/var/mobile/Library/Caches/com.apple.keyboards/images/76664466735990907148041342980074509, Added
/var/mobile/Library/Caches/com.apple.keyboards/images/766644667359909011390230666429192048, Added
/var/mobile/Library/Caches/com.apple.keyboards/images/76664466735990909961283903590181176, Added
/var/mobile/Library/Caches/com.apple.keyboards/images/76664466735990909961283903590181689, Added
/var/mobile/Library/Caches/com.apple.keyboards/images/766644667359909010509302489921646430, Added
/var/mobile/Library/Caches/com.apple.keyboards/images/7666446673599090837689389118327154, Added
/var/mobile/Library/Caches/com.apple.keyboards/images/7666446673599090837689389118328179, Added
/var/mobile/Library/Caches/com.apple.keyboards/images/76664466735990901510520636346118486, Added
/var/mobile/Library/Caches/com.apple.keyboards/images/766644667359909013675589820096907526, Added
/var/mobile/Library/Caches/com.apple.keyboards/images/766644667359909012454704206223494518, Added
/var/mobile/Library/Caches/com.apple.keyboards/images/766644667359909012454704206223527287, Added
/var/mobile/Library/Caches/com.apple.keyboards/images/76664466735990909422254630316800717, Added
/var/mobile/Library/Caches/com.apple.keyboards/images/766644667359909010359735606683847324, Added
/var/mobile/Library/Caches/com.apple.keyboards/images/766644667359909010359735606683849373, Added
/var/mobile/Library/Caches/com.apple.keyboards/images/76664466735990906159639468334448822, Added
/var/mobile/Library/Caches/com.apple.keyboards/images/76664466735990907649718076924724911, Added
/var/mobile/Library/Caches/com.apple.keyboards/images/766644667359909014253554575213696956, Added
/var/mobile/Library/Caches/com.apple.keyboards/images/7666446673599090170408229269916569, Added
/var/mobile/Library/Caches/com.apple.keyboards/images/7666446673599090170408229269918618, Added
/var/mobile/Library/Caches/com.apple.keyboards/images/76664466735990902812946271816062377, Added
/var/mobile/Library/Caches/com.apple.keyboards/images/766644667359909011727454023520578498, Added
/var/mobile/Library/Caches/com.apple.keyboards/images/76664466735990905724758919114851935, Added
/var/mobile/Library/Caches/com.apple.keyboards/images/766644667359909015513822582331217219, Added
/var/mobile/Library/Caches/com.apple.keyboards/images/766644667359909015513822581660128574, Added
/var/mobile/Library/Caches/com.apple.keyboards/images/76664466735990906295779836276232282, Added
/var/mobile/Library/Caches/com.apple.keyboards/images/766644667359909012903381043140774053, Added
/var/mobile/Library/Caches/com.apple.keyboards/images/766644667359909012903381043140776102, Added
/var/mobile/Library/Caches/com.apple.keyboards/images/76664466735990903285660563175899050, Added
/var/mobile/Library/Caches/com.apple.keyboards/images/766644667359909017333426715898382906, Added
/var/mobile/Library/Caches/com.apple.keyboards/images/766644667359909017333426715898399291, Added
/var/mobile/Library/Caches/com.apple.keyboards/images/76664466735990909215179786316808386, Added
/var/mobile/Library/Caches/com.apple.keyboards/images/76664466735990902079232239569520854, Added
/var/mobile/Library/Caches/com.apple.keyboards/images/76664466735990902079232239569524951, Added
/var/mobile/Library/Caches/com.apple.keyboards/images/76664466735990901426842438834833499, Added
/var/mobile/Library/Caches/com.apple.keyboards/images/766644667359909010214674985941484709, Added
/var/mobile/Library/Caches/com.apple.keyboards/images/7666446673599090311239178030957486, Added
/var/mobile/Library/Caches/com.apple.keyboards/images/766644667359909016566227415262975036, Added
/var/mobile/Library/Caches/com.apple.keyboards/images/766644667359909016566227415262991421, Added
/var/mobile/Library/Caches/com.apple.keyboards/images/76664466735990909810206192090652970, Added
/var/mobile/Library/Caches/com.apple.keyboards/images/766644667359909017910964378731076536, Added
/var/mobile/Library/Caches/com.apple.keyboards/images/76664466735990907956758366567154753, Added
/var/mobile/Library/Caches/com.apple.keyboards/images/76664466735990907956758366567171138, Added
/var/mobile/Library/Caches/com.apple.keyboards/images/76664466735990906450748136177782833, Added
/var/mobile/Library/Caches/com.apple.keyboards/images/76664466735990907423272616470040896, Added
/var/mobile/Library/Caches/com.apple.keyboards/images/76664466735990909801092853721370924, Added
/var/mobile/Library/Caches/com.apple.keyboards/images/76664466735990903563691877931752249, Added
/var/mobile/Library/Caches/com.apple.keyboards/images/76664466735990903563691877931785018, Added
/var/mobile/Library/Caches/com.apple.keyboards/images/766644667359909017780345968668857801, Added
/var/mobile/Library/Caches/com.apple.keyboards/images/766644667359909014899984046633323577, Added
/var/mobile/Library/Caches/com.apple.keyboards/images/766644667359909014899984046633356346, Added
/var/mobile/Library/Caches/com.apple.keyboards/images/766644667359909015099532035708959945, Added
/var/mobile/Library/Caches/com.apple.keyboards/images/766644667359909014685990245252163346, Added
/var/mobile/Library/Caches/com.apple.keyboards/images/76664466735990907302544081539415182, Added
/var/mobile/Library/Caches/com.apple.keyboards/images/766644667359909011083296270368664752, Added
/var/mobile/Library/Caches/com.apple.keyboards/images/766644667359909011083296270368730289, Added
/var/mobile/Library/Caches/com.apple.keyboards/images/76664466735990908456548925178475508, Added
/var/mobile/Library/Caches/com.apple.keyboards/images/766644667359909013346414986804333318, Added
/var/mobile/Library/Caches/com.apple.keyboards/images/766644667359909013346414986804341511, Added
/var/mobile/Library/Caches/com.apple.keyboards/images/766644667359909012722995609898752596, Added
/var/mobile/Library/Caches/com.apple.keyboards/images/76664466735990902047456386194233508, Added
/var/mobile/Library/Caches/com.apple.keyboards/images/766644667359909016622100368735190291, Added
/var/mobile/Library/Caches/com.apple.keyboards/images/766644667359909016622100368693247246, Added
/var/mobile/Library/Caches/com.apple.keyboards/images/766644667359909013895129188852850096, Added
/var/mobile/Library/Caches/com.apple.keyboards/images/766644667359909013895129188852915633, Added
/var/mobile/Library/Caches/com.apple.keyboards/images/76664466735990907682341549622566283, Added
/var/mobile/Library/Caches/com.apple.keyboards/images/766644667359909018017913856681606876, Added
/var/mobile/Library/Caches/com.apple.keyboards/images/766644667359909018017913856681610973, Added
/var/mobile/Library/Caches/com.apple.keyboards/images/766644667359909015059905558314845742, Added
/var/mobile/Library/Caches/com.apple.keyboards/images/766644667359909015889450582846900287, Added
/var/mobile/Library/Caches/com.apple.keyboards/images/766644667359909018357760811814930992, Added
/var/mobile/Library/Caches/com.apple.keyboards/images/76664466735990904049102121672502024, Added
/var/mobile/Library/Caches/com.apple.keyboards/images/76664466735990909454106934080224330, Added
/var/mobile/Library/Caches/com.apple.keyboards/images/76664466735990903317165245547056757, Added
/var/mobile/Library/Caches/com.apple.keyboards/images/76664466735990902438641690166466484, Added
/var/mobile/Library/Caches/com.apple.keyboards/images/76664466735990908723957667202562623, Added
/var/mobile/Library/Caches/com.apple.keyboards/images/76664466735990908723957667202579008, Added
/var/mobile/Library/Caches/com.apple.keyboards/images/766644667359909014856671610380621204, Added
/var/mobile/Library/Caches/com.apple.keyboards/images/76664466735990904702453544468807331, Added
/var/mobile/Library/Caches/com.apple.keyboards/images/76664466735990904702453544468809380, Added
/var/mobile/Library/Caches/com.apple.keyboards/images/76664466735990906984147437487999993, Added
/var/mobile/Library/Caches/com.apple.keyboards/images/766644667359909015811990155125196550, Added
/var/mobile/Library/Caches/com.apple.keyboards/images/76664466735990903153008174226906286, Added
/var/mobile/Library/Caches/com.apple.keyboards/images/76664466735990903153008174224284841, Added
/var/mobile/Library/Caches/com.apple.keyboards/images/766644667359909011628677737731856472, Added
/var/mobile/Library/Caches/com.apple.keyboards/images/766644667359909014073183259346823724, Added
/var/mobile/Library/Caches/com.apple.keyboards/images/76664466735990901833609071298256950, Added
/var/mobile/Library/Caches/com.apple.keyboards/images/76664466735990909151938920244527815, Added
/var/mobile/Library/Caches/com.apple.keyboards/images/766644667359909017263442939648034868, Added
/var/mobile/Library/Caches/com.apple.keyboards/images/76664466735990908476713343446383760, Added
/var/mobile/Library/Caches/com.apple.keyboards/images/76664466735990908359789061913328206, Added
/var/mobile/Library/Caches/com.apple.keyboards/images/766644667359909011106584370505625085, Max size limit reached.
/var/mobile/Library/Caches/com.apple.keyboards/images/76664466735990907659089276859429312, Max size limit reached.
/var/mobile/Library/Caches/com.apple.keyboards/images/76664466735990902049402156771750855, Max size limit reached.
/var/mobile/Library/Caches/com.apple.keyboards/images/76664466735990902659532840426636442, Max size limit reached.
/var/mobile/Library/Caches/com.apple.keyboards/images/76664466735990905487029838441092139, Max size limit reached.
/var/mobile/Library/Caches/com.apple.keyboards/images/766644667359909013213588757561687821, Max size limit reached.
/var/mobile/Library/Caches/com.apple.keyboards/images/766644667359909015930100494514763918, Max size limit reached.
/var/mobile/Library/Caches/com.apple.keyboards/images/76664466735990909364771195863597335, Max size limit reached.
/var/mobile/Library/Caches/com.apple.keyboards/images/76664466735990909364771195821654290, Max size limit reached.
/var/mobile/Library/Caches/com.apple.keyboards/images/766644667359909012467305280715965359, Max size limit reached.
/var/mobile/Library/Caches/com.apple.keyboards/images/76664466735990903805097658793785804, Max size limit reached.
/var/mobile/Library/Caches/com.apple.keyboards/images/76664466735990903805097658793786317, Max size limit reached.
/var/mobile/Library/Caches/com.apple.keyboards/images/76664466735990904821559144166035681, Max size limit reached.
/var/mobile/Library/Caches/com.apple.keyboards/images/76664466735990906969401359446762710, Max size limit reached.
/var/mobile/Library/Caches/com.apple.keyboards/images/76664466735990906969401359446763223, Max size limit reached.
/var/mobile/Library/Caches/com.apple.keyboards/images/766644667359909013446446627345228598, Max size limit reached.
/var/mobile/Library/Caches/com.apple.keyboards/images/766644667359909017825657995013381068, Max size limit reached.
/var/mobile/Library/Caches/com.apple.keyboards/images/766644667359909017825657995013381581, Max size limit reached.
/var/mobile/Library/Caches/com.apple.keyboards/images/7666446673599090328903697146357745, Max size limit reached.
/var/mobile/Library/Caches/com.apple.keyboards/images/7666446673599090705628569161819339, Max size limit reached.
/var/mobile/Library/Caches/com.apple.keyboards/images/7666446673599090705628569161819852, Max size limit reached.
/var/mobile/Library/Caches/com.apple.keyboards/images/766644667359909015805615103021751536, Max size limit reached.
/var/mobile/Library/Caches/com.apple.keyboards/images/76664466735990903869932269814796245, Max size limit reached.
/var/mobile/Library/Caches/com.apple.keyboards/images/76664466735990903869932269814796758, Max size limit reached.
/var/mobile/Library/Caches/com.apple.keyboards/images/76664466735990905983758512491392837, Max size limit reached.
/var/mobile/Library/Caches/com.apple.keyboards/images/766644667359909014726188905381414603, Max size limit reached.
/var/mobile/Library/Caches/com.apple.keyboards/images/766644667359909014726188905381415116, Max size limit reached.
/var/mobile/Library/Caches/com.apple.keyboards/images/766644667359909018076248025069879508, Max size limit reached.
/var/mobile/Library/Caches/com.apple.keyboards/images/766644667359909014929129349232095538, Max size limit reached.
/var/mobile/Library/Caches/com.apple.keyboards/images/766644667359909018001495003712924338, Max size limit reached.
/var/mobile/Library/Caches/com.apple.keyboards/images/766644667359909017860811165480020526, Max size limit reached.
/var/mobile/Library/Caches/com.apple.keyboards/images/766644667359909011752436825175241166, Max size limit reached.
/var/mobile/Library/Caches/com.apple.keyboards/images/76664466735990906121899540920594330, Max size limit reached.
/var/mobile/Library/Caches/com.apple.keyboards/images/766644667359909010222964355776503510, Max size limit reached.
/var/mobile/Library/Caches/com.apple.keyboards/images/766644667359909010222964355776504023, Max size limit reached.
/var/mobile/Library/Caches/com.apple.keyboards/images/76664466735990908893884667565633965, Max size limit reached.
/var/mobile/Library/Caches/com.apple.keyboards/images/766644667359909015508404803321962960, Max size limit reached.
/var/mobile/Library/Caches/com.apple.keyboards/images/76664466735990906359043972098828794, Max size limit reached.
/var/mobile/Library/Caches/com.apple.keyboards/images/76664466735990906359043972096207349, Max size limit reached.
/var/mobile/Library/Caches/com.apple.keyboards/version, Max size limit reached.
