
APPLYING PREDICATE (null)
SDUnitLogGlob with glob '/private/var/logs/CrashReporter/stacks-*': found no matches

APPLYING PREDICATE (null)

APPLYING PREDICATE (null)
/var/mobile/Library/Logs/CrashReporter/Retired/stacks-2018-11-28-113703.ips, File past date limit: (null)
/var/mobile/Library/Logs/CrashReporter/Retired/stacks-2018-11-26-155756.546.ips, File past date limit: (null)
/var/mobile/Library/Logs/CrashReporter/Retired/stacks-2018-11-28-113713.309.ips, File past date limit: (null)
/var/mobile/Library/Logs/CrashReporter/Retired/stacks-2018-11-28-113658.298.ips, File past date limit: (null)
/var/mobile/Library/Logs/CrashReporter/Retired/stacks-2018-11-28-113702.ips, File past date limit: (null)
/var/mobile/Library/Logs/CrashReporter/Retired/stacks-2018-11-28-113700.195.ips, File past date limit: (null)
/var/mobile/Library/Logs/CrashReporter/Retired/stacks-2018-11-26-155758.ips, File past date limit: (null)
/var/mobile/Library/Logs/CrashReporter/Retired/stacks-2018-11-26-160627.120.ips, File past date limit: (null)
/var/mobile/Library/Logs/CrashReporter/Retired/stacks-2018-11-28-113655.911.ips, File past date limit: (null)
/var/mobile/Library/Logs/CrashReporter/Retired/stacks-2018-11-26-155750.058.ips, File past date limit: (null)
/var/mobile/Library/Logs/CrashReporter/Retired/stacks-2018-11-28-113700.ips, File past date limit: (null)
/var/mobile/Library/Logs/CrashReporter/Retired/stacks-2018-11-28-113658.264.ips, File past date limit: (null)
/var/mobile/Library/Logs/CrashReporter/Retired/stacks-2018-11-26-160627.082.ips, File past date limit: (null)
/var/mobile/Library/Logs/CrashReporter/Retired/stacks-2018-11-26-160628.761.ips, File past date limit: (null)
/var/mobile/Library/Logs/CrashReporter/Retired/stacks-2018-11-26-155757.186.ips, File past date limit: (null)
/var/mobile/Library/Logs/CrashReporter/Retired/stacks-2018-11-26-155747.623.ips, File past date limit: (null)
/var/mobile/Library/Logs/CrashReporter/Retired/stacks-2018-11-26-155749.ips, File past date limit: (null)
/var/mobile/Library/Logs/CrashReporter/Retired/stacks-2018-11-26-155750.465.ips, File past date limit: (null)
/var/mobile/Library/Logs/CrashReporter/Retired/stacks-2018-11-26-160624.794.ips, File past date limit: (null)
/var/mobile/Library/Logs/CrashReporter/Retired/stacks-2018-11-28-113659.ips, File past date limit: (null)
/var/mobile/Library/Logs/CrashReporter/Retired/stacks-2018-11-26-155757.746.ips, File past date limit: (null)
/var/mobile/Library/Logs/CrashReporter/Retired/stacks-2018-11-26-160625.633.ips, File past date limit: (null)
/var/mobile/Library/Logs/CrashReporter/Retired/stacks-2018-11-28-113658.ips, File past date limit: (null)
/var/mobile/Library/Logs/CrashReporter/Retired/stacks-2018-11-26-160629.211.ips, File past date limit: (null)
/var/mobile/Library/Logs/CrashReporter/Retired/stacks-2018-11-26-160628.980.ips, File past date limit: (null)
/var/mobile/Library/Logs/CrashReporter/Retired/stacks-2018-11-26-155748.ips, File past date limit: (null)
/var/mobile/Library/Logs/CrashReporter/Retired/stacks-2018-11-26-155748.931.ips, File past date limit: (null)
/var/mobile/Library/Logs/CrashReporter/Retired/stacks-2018-11-26-155750.116.ips, File past date limit: (null)
/var/mobile/Library/Logs/CrashReporter/Retired/stacks-2018-11-26-155749.465.ips, File past date limit: (null)
/var/mobile/Library/Logs/CrashReporter/Retired/stacks-2018-11-26-155756.594.ips, File past date limit: (null)
/var/mobile/Library/Logs/CrashReporter/Retired/stacks-2018-11-26-160627.084.ips, File past date limit: (null)
/var/mobile/Library/Logs/CrashReporter/Retired/stacks-2018-11-28-113713.ips, File past date limit: (null)
/var/mobile/Library/Logs/CrashReporter/Retired/stacks-2018-11-26-155756.634.ips, File past date limit: (null)
/var/mobile/Library/Logs/CrashReporter/Retired/stacks-2018-11-26-155750.473.ips, File past date limit: (null)
/var/mobile/Library/Logs/CrashReporter/Retired/stacks-2018-11-26-155749.921.ips, File past date limit: (null)
/var/mobile/Library/Logs/CrashReporter/Retired/stacks-2018-11-28-113658.365.ips, File past date limit: (null)
/var/mobile/Library/Logs/CrashReporter/Retired/stacks-2018-11-26-160625.327.ips, File past date limit: (null)
/var/mobile/Library/Logs/CrashReporter/Retired/stacks-2018-11-26-155752.470.ips, File past date limit: (null)
/var/mobile/Library/Logs/CrashReporter/Retired/stacks-2018-11-26-160629.300.ips, File past date limit: (null)
/var/mobile/Library/Logs/CrashReporter/Retired/stacks-2018-11-26-160627.196.ips, File past date limit: (null)
/var/mobile/Library/Logs/CrashReporter/Retired/stacks-2018-11-26-155753.098.ips, File past date limit: (null)
/var/mobile/Library/Logs/CrashReporter/Retired/stacks-2018-11-26-160628.893.ips, File past date limit: (null)
/var/mobile/Library/Logs/CrashReporter/Retired/stacks-2018-11-26-155752.659.ips, File past date limit: (null)
/var/mobile/Library/Logs/CrashReporter/Retired/stacks-2018-11-26-155749.429.ips, File past date limit: (null)
/var/mobile/Library/Logs/CrashReporter/Retired/stacks-2018-11-26-160627.234.ips, File past date limit: (null)
/var/mobile/Library/Logs/CrashReporter/Retired/stacks-2018-11-28-113658.159.ips, File past date limit: (null)
/var/mobile/Library/Logs/CrashReporter/Retired/stacks-2018-11-26-155756.490.ips, File past date limit: (null)
/var/mobile/Library/Logs/CrashReporter/Retired/stacks-2018-11-28-113655.378.ips, File past date limit: (null)
/var/mobile/Library/Logs/CrashReporter/Retired/stacks-2018-11-26-155753.258.ips, File past date limit: (null)
/var/mobile/Library/Logs/CrashReporter/Retired/stacks-2018-11-26-160632.956.ips, File past date limit: (null)
/var/mobile/Library/Logs/CrashReporter/Retired/stacks-2018-11-26-155750.360.ips, File past date limit: (null)
/var/mobile/Library/Logs/CrashReporter/Retired/stacks-2018-11-26-160633.210.ips, File past date limit: (null)
/var/mobile/Library/Logs/CrashReporter/Retired/stacks-2018-11-26-155749.997.ips, File past date limit: (null)
/var/mobile/Library/Logs/CrashReporter/Retired/stacks-2018-11-28-113700.126.ips, File past date limit: (null)
/var/mobile/Library/Logs/CrashReporter/Retired/stacks-2018-11-28-113703.998.ips, File past date limit: (null)
/var/mobile/Library/Logs/CrashReporter/Retired/stacks-2018-11-26-155749.388.ips, File past date limit: (null)
/var/mobile/Library/Logs/CrashReporter/Retired/stacks-2018-11-28-113656.877.ips, File past date limit: (null)
/var/mobile/Library/Logs/CrashReporter/Retired/stacks-2018-11-26-160626.ips, File past date limit: (null)
/var/mobile/Library/Logs/CrashReporter/Retired/stacks-2018-11-26-160632.ips, File past date limit: (null)
/var/mobile/Library/Logs/CrashReporter/Retired/stacks-2018-11-26-160626.547.ips, File past date limit: (null)
/var/mobile/Library/Logs/CrashReporter/Retired/stacks-2018-11-26-160626.552.ips, File past date limit: (null)
/var/mobile/Library/Logs/CrashReporter/Retired/stacks-2018-11-26-160633.ips, File past date limit: (null)
/var/mobile/Library/Logs/CrashReporter/Retired/stacks-2018-11-26-160627.ips, File past date limit: (null)
/var/mobile/Library/Logs/CrashReporter/Retired/stacks-2018-11-28-113700.084.ips, File past date limit: (null)
/var/mobile/Library/Logs/CrashReporter/Retired/stacks-2018-11-28-113700.090.ips, File past date limit: (null)
/var/mobile/Library/Logs/CrashReporter/Retired/stacks-2018-11-26-160627.555.ips, File past date limit: (null)
/var/mobile/Library/Logs/CrashReporter/Retired/stacks-2018-11-26-160625.ips, File past date limit: (null)
/var/mobile/Library/Logs/CrashReporter/Retired/stacks-2018-11-28-113658.229.ips, File past date limit: (null)
/var/mobile/Library/Logs/CrashReporter/Retired/stacks-2018-11-26-160624.ips, File past date limit: (null)
/var/mobile/Library/Logs/CrashReporter/Retired/stacks-2018-11-26-155750.160.ips, File past date limit: (null)
/var/mobile/Library/Logs/CrashReporter/Retired/stacks-2018-11-26-155750.389.ips, File past date limit: (null)
/var/mobile/Library/Logs/CrashReporter/Retired/stacks-2018-11-26-160626.825.ips, File past date limit: (null)
/var/mobile/Library/Logs/CrashReporter/Retired/stacks-2018-11-28-113700.049.ips, File past date limit: (null)
/var/mobile/Library/Logs/CrashReporter/Retired/stacks-2018-11-26-160629.ips, File past date limit: (null)
/var/mobile/Library/Logs/CrashReporter/Retired/stacks-2018-11-28-113659.988.ips, File past date limit: (null)
/var/mobile/Library/Logs/CrashReporter/Retired/stacks-2018-11-26-160628.ips, File past date limit: (null)
/var/mobile/Library/Logs/CrashReporter/Retired/stacks-2018-11-26-155758.383.ips, File past date limit: (null)
/var/mobile/Library/Logs/CrashReporter/Retired/stacks-2018-11-26-160625.850.ips, File past date limit: (null)
/var/mobile/Library/Logs/CrashReporter/Retired/stacks-2018-11-28-113713.766.ips, File past date limit: (null)
/var/mobile/Library/Logs/CrashReporter/Retired/stacks-2018-11-26-160627.572.ips, File past date limit: (null)
/var/mobile/Library/Logs/CrashReporter/Retired/stacks-2018-11-26-155749.347.ips, File past date limit: (null)
/var/mobile/Library/Logs/CrashReporter/Retired/stacks-2018-11-26-155749.810.ips, File past date limit: (null)
/var/mobile/Library/Logs/CrashReporter/Retired/stacks-2018-11-26-155849.ips, File past date limit: (null)
/var/mobile/Library/Logs/CrashReporter/Retired/stacks-2018-11-26-160626.614.ips, File past date limit: (null)
/var/mobile/Library/Logs/CrashReporter/Retired/stacks-2018-11-26-160624.705.ips, File past date limit: (null)
/var/mobile/Library/Logs/CrashReporter/Retired/stacks-2018-11-26-155747.507.ips, File past date limit: (null)
/var/mobile/Library/Logs/CrashReporter/Retired/stacks-2018-11-26-155751.768.ips, File past date limit: (null)
/var/mobile/Library/Logs/CrashReporter/Retired/stacks-2018-11-26-155757.923.ips, File past date limit: (null)
/var/mobile/Library/Logs/CrashReporter/Retired/stacks-2018-11-28-113655.599.ips, File past date limit: (null)
/var/mobile/Library/Logs/CrashReporter/Retired/stacks-2018-11-26-160625.329.ips, File past date limit: (null)
/var/mobile/Library/Logs/CrashReporter/Retired/stacks-2018-11-26-160626.995.ips, File past date limit: (null)
/var/mobile/Library/Logs/CrashReporter/Retired/stacks-2018-11-26-155749.223.ips, File past date limit: (null)
/var/mobile/Library/Logs/CrashReporter/Retired/stacks-2018-11-28-113658.196.ips, File past date limit: (null)
/var/mobile/Library/Logs/CrashReporter/Retired/stacks-2018-11-28-113713.979.ips, File past date limit: (null)
/var/mobile/Library/Logs/CrashReporter/Retired/stacks-2018-11-26-155749.180.ips, File past date limit: (null)
/var/mobile/Library/Logs/CrashReporter/Retired/stacks-2018-11-28-113713.366.ips, File past date limit: (null)
/var/mobile/Library/Logs/CrashReporter/Retired/stacks-2018-11-28-113659.966.ips, File past date limit: (null)
/var/mobile/Library/Logs/CrashReporter/Retired/stacks-2018-11-26-160629.330.ips, File past date limit: (null)
/var/mobile/Library/Logs/CrashReporter/Retired/stacks-2018-11-26-155752.ips, File past date limit: (null)
/var/mobile/Library/Logs/CrashReporter/Retired/stacks-2018-11-26-160633.268.ips, File past date limit: (null)
/var/mobile/Library/Logs/CrashReporter/Retired/stacks-2018-11-26-155748.929.ips, File past date limit: (null)
/var/mobile/Library/Logs/CrashReporter/Retired/stacks-2018-11-28-113656.ips, File past date limit: (null)
/var/mobile/Library/Logs/CrashReporter/Retired/stacks-2018-11-26-160627.248.ips, File past date limit: (null)
/var/mobile/Library/Logs/CrashReporter/Retired/stacks-2018-11-26-160626.728.ips, File past date limit: (null)
/var/mobile/Library/Logs/CrashReporter/Retired/stacks-2018-11-28-113657.ips, File past date limit: (null)
/var/mobile/Library/Logs/CrashReporter/Retired/stacks-2018-11-28-113658.332.ips, File past date limit: (null)
/var/mobile/Library/Logs/CrashReporter/Retired/stacks-2018-11-26-155753.ips, File past date limit: (null)
/var/mobile/Library/Logs/CrashReporter/Retired/stacks-2018-11-26-155747.ips, File past date limit: (null)
/var/mobile/Library/Logs/CrashReporter/Retired/stacks-2018-11-26-155751.ips, File past date limit: (null)
/var/mobile/Library/Logs/CrashReporter/Retired/stacks-2018-11-26-155756.410.ips, File past date limit: (null)
/var/mobile/Library/Logs/CrashReporter/Retired/stacks-2018-11-28-113700.161.ips, File past date limit: (null)
/var/mobile/Library/Logs/CrashReporter/Retired/stacks-2018-11-28-113655.ips, File past date limit: (null)
/var/mobile/Library/Logs/CrashReporter/Retired/stacks-2018-11-26-160626.886.ips, File past date limit: (null)
/var/mobile/Library/Logs/CrashReporter/Retired/stacks-2018-11-26-155748.686.ips, File past date limit: (null)
/var/mobile/Library/Logs/CrashReporter/Retired/stacks-2018-11-26-155752.579.ips, File past date limit: (null)
/var/mobile/Library/Logs/CrashReporter/Retired/stacks-2018-11-28-113703.262.ips, File past date limit: (null)
/var/mobile/Library/Logs/CrashReporter/Retired/stacks-2018-11-26-160629.792.ips, File past date limit: (null)
/var/mobile/Library/Logs/CrashReporter/Retired/stacks-2018-11-26-160625.575.ips, File past date limit: (null)
/var/mobile/Library/Logs/CrashReporter/Retired/stacks-2018-11-26-155750.ips, File past date limit: (null)
/var/mobile/Library/Logs/CrashReporter/Retired/stacks-2018-11-26-155752.596.ips, File past date limit: (null)
/var/mobile/Library/Logs/CrashReporter/Retired/stacks-2018-11-28-113700.788.ips, File past date limit: (null)
/var/mobile/Library/Logs/CrashReporter/Retired/stacks-2018-11-26-155750.900.ips, File past date limit: (null)
/var/mobile/Library/Logs/CrashReporter/Retired/stacks-2018-11-26-155757.ips, File past date limit: (null)
/var/mobile/Library/Logs/CrashReporter/Retired/stacks-2018-11-26-160626.937.ips, File past date limit: (null)
/var/mobile/Library/Logs/CrashReporter/Retired/stacks-2018-11-26-160624.403.ips, File past date limit: (null)
/var/mobile/Library/Logs/CrashReporter/Retired/stacks-2018-11-28-113713.885.ips, File past date limit: (null)
/var/mobile/Library/Logs/CrashReporter/Retired/stacks-2018-11-26-155750.527.ips, File past date limit: (null)
/var/mobile/Library/Logs/CrashReporter/Retired/stacks-2018-11-28-113659.285.ips, File past date limit: (null)

ENFORCING SIZE LIMIT OF 0 MB
/var/mobile/Library/Logs/CrashReporter/stacks-2018-11-28-121054.374.ips, Added
/var/mobile/Library/Logs/CrashReporter/stacks-2018-11-28-121054.ips, Added
